#
# There is insufficient memory for the Java Runtime Environment to continue.
# Native memory allocation (malloc) failed to allocate 1048576 bytes for AllocateHeap
# Possible reasons:
#   The system is out of physical RAM or swap space
#   The process is running with CompressedOops enabled, and the Java Heap may be blocking the growth of the native heap
# Possible solutions:
#   Reduce memory load on the system
#   Increase physical memory or swap space
#   Check if swap backing store is full
#   Decrease Java heap size (-Xmx/-Xms)
#   Decrease number of Java threads
#   Decrease Java thread stack sizes (-Xss)
#   Set larger code cache with -XX:ReservedCodeCacheSize=
#   JVM is running with Unscaled Compressed Oops mode in which the Java heap is
#     placed in the first 4GB address space. The Java Heap base address is the
#     maximum limit for the native heap growth. Please use -XX:HeapBaseMinAddress
#     to set the Java Heap base and to place the Java Heap above 4GB virtual address.
# This output file may be truncated or incomplete.
#
#  Out of Memory Error (allocation.cpp:44), pid=21508, tid=15932
#
# JRE version:  (17.0.7+7) (build )
# Java VM: OpenJDK 64-Bit Server VM (17.0.7+7, mixed mode, tiered, compressed oops, compressed class ptrs, parallel gc, windows-amd64)
# No core dump will be written. Minidumps are not enabled by default on client versions of Windows
#

---------------  S U M M A R Y ------------

Command Line: --add-modules=ALL-SYSTEM --add-opens=java.base/java.util=ALL-UNNAMED --add-opens=java.base/java.lang=ALL-UNNAMED --add-opens=java.base/sun.nio.fs=ALL-UNNAMED -Declipse.application=org.eclipse.jdt.ls.core.id1 -Dosgi.bundles.defaultStartLevel=4 -Declipse.product=org.eclipse.jdt.ls.core.product -Djava.import.generatesMetadataFilesAtProjectRoot=false -Dfile.encoding=utf8 -XX:+UseParallelGC -XX:GCTimeRatio=4 -XX:AdaptiveSizePolicyWeight=90 -Dsun.zip.disableMemoryMapping=true -Xmx1G -Xms100m -Xlog:disable -javaagent:c:\Users\Vision\.vscode\extensions\redhat.java-1.19.0-win32-x64\lombok\lombok-1.18.28.jar c:\Users\Vision\.vscode\extensions\redhat.java-1.19.0-win32-x64\server\plugins\org.eclipse.equinox.launcher_1.6.400.v20210924-0641.jar -configuration c:\Users\Vision\AppData\Roaming\Code\User\globalStorage\redhat.java\1.19.0\config_ss_win -data c:\Users\Vision\AppData\Roaming\Code\User\workspaceStorage\1d804c9b709fbb007fbd3f607e764722\redhat.java\ss_ws

Host: Intel(R) Core(TM) i5-1035G1 CPU @ 1.00GHz, 8 cores, 7G,  Windows 11 , 64 bit Build 22621 (10.0.22621.1778)
Time: Sat Jun 17 23:23:05 2023 India Standard Time elapsed time: 1.299379 seconds (0d 0h 0m 1s)

---------------  T H R E A D  ---------------

Current thread (0x0000024e9123d5f0):  JavaThread "Unknown thread" [_thread_in_vm, id=15932, stack(0x0000009f54c00000,0x0000009f54d00000)]

Stack: [0x0000009f54c00000,0x0000009f54d00000]
Native frames: (J=compiled Java code, j=interpreted, Vv=VM code, C=native code)
V  [jvm.dll+0x67754a]
V  [jvm.dll+0x834304]
V  [jvm.dll+0x835aae]
V  [jvm.dll+0x836113]
V  [jvm.dll+0x24696f]
V  [jvm.dll+0xa681f]
V  [jvm.dll+0x6a9e96]
V  [jvm.dll+0x6aaa3f]
V  [jvm.dll+0x683c73]
V  [jvm.dll+0x806deb]
V  [jvm.dll+0x36ad14]
V  [jvm.dll+0x7e5cec]
V  [jvm.dll+0x3ed56f]
V  [jvm.dll+0x3ef0a1]
C  [jli.dll+0x528b]
C  [ucrtbase.dll+0x29363]
C  [KERNEL32.DLL+0x126ad]
C  [ntdll.dll+0x5a9f8]


---------------  P R O C E S S  ---------------

Threads class SMR info:
_java_thread_list=0x00007ffabb9d7018, length=0, elements={
}

Java Threads: ( => current thread )

Other Threads:
  0x0000024e91252270 GCTaskThread "GC Thread#0" [stack: 0x0000009f54d00000,0x0000009f54e00000] [id=4336]

=>0x0000024e9123d5f0 (exited) JavaThread "Unknown thread" [_thread_in_vm, id=15932, stack(0x0000009f54c00000,0x0000009f54d00000)]

Threads with active compile tasks:

VM state: not at safepoint (normal execution)

VM Mutex/Monitor currently owned by a thread: None

Heap address: 0x00000000c0000000, size: 1024 MB, Compressed Oops mode: 32-bit

CDS archive(s) not mapped
Compressed class space mapped at: 0x0000000100000000-0x0000000140000000, reserved size: 1073741824
Narrow klass base: 0x0000000000000000, Narrow klass shift: 3, Narrow klass range: 0x140000000

GC Precious Log:
 CPUs: 8 total, 8 available
 Memory: 7880M
 Large Page Support: Disabled
 NUMA Support: Disabled
 Compressed Oops: Enabled (32-bit)
 Alignments: Space 512K, Generation 512K, Heap 2M
 Heap Min Capacity: 100M
 Heap Initial Capacity: 100M
 Heap Max Capacity: 1G
 Pre-touch: Disabled
 Parallel Workers: 8

Heap:
 PSYoungGen      total 29696K, used 512K [0x00000000eab00000, 0x00000000ecc00000, 0x0000000100000000)
  eden space 25600K, 2% used [0x00000000eab00000,0x00000000eab80070,0x00000000ec400000)
  from space 4096K, 0% used [0x00000000ec800000,0x00000000ec800000,0x00000000ecc00000)
  to   space 4096K, 0% used [0x00000000ec400000,0x00000000ec400000,0x00000000ec800000)
 ParOldGen       total 68608K, used 0K [0x00000000c0000000, 0x00000000c4300000, 0x00000000eab00000)
  object space 68608K, 0% used [0x00000000c0000000,0x00000000c0000000,0x00000000c4300000)
 Metaspace       used 1149K, committed 1216K, reserved 1114112K
  class space    used 101K, committed 128K, reserved 1048576K

Card table byte_map: [0x0000024e90be0000,0x0000024e90df0000] _byte_map_base: 0x0000024e905e0000

Marking Bits: (ParMarkBitMap*) 0x00007ffabba452c0
 Begin Bits: [0x0000024ea2ec0000, 0x0000024ea3ec0000)
 End Bits:   [0x0000024ea3ec0000, 0x0000024ea4ec0000)

Polling page: 0x0000024e8f1f0000

Metaspace:

Usage:
  Non-class:      1.02 MB used.
      Class:    101.01 KB used.
       Both:      1.12 MB used.

Virtual space:
  Non-class space:       64.00 MB reserved,       1.06 MB (  2%) committed,  1 nodes.
      Class space:        1.00 GB reserved,     128.00 KB ( <1%) committed,  1 nodes.
             Both:        1.06 GB reserved,       1.19 MB ( <1%) committed. 

Chunk freelists:
   Non-Class:  12.00 MB
       Class:  15.75 MB
        Both:  27.75 MB

MaxMetaspaceSize: unlimited
CompressedClassSpaceSize: 1.00 GB
Initial GC threshold: 21.00 MB
Current GC threshold: 17179869184.00 GB
CDS: off
MetaspaceReclaimPolicy: balanced
 - commit_granule_bytes: 65536.
 - commit_granule_words: 8192.
 - virtual_space_node_default_size: 8388608.
 - enlarge_chunks_in_place: 1.
 - new_chunks_are_fully_committed: 0.
 - uncommit_free_chunks: 1.
 - use_allocation_guard: 0.
 - handle_deallocations: 1.


Internal statistics:

num_allocs_failed_limit: 0.
num_arena_births: 2.
num_arena_deaths: 0.
num_vsnodes_births: 2.
num_vsnodes_deaths: 0.
num_space_committed: 19.
num_space_uncommitted: 0.
num_chunks_returned_to_freelist: 0.
num_chunks_taken_from_freelist: 3.
num_chunk_merges: 0.
num_chunk_splits: 2.
num_chunks_enlarged: 0.
num_inconsistent_stats: 0.

CodeHeap 'non-profiled nmethods': size=120000Kb used=0Kb max_used=0Kb free=120000Kb
 bounds [0x0000024e9b990000, 0x0000024e9bc00000, 0x0000024ea2ec0000]
CodeHeap 'profiled nmethods': size=120000Kb used=0Kb max_used=0Kb free=120000Kb
 bounds [0x0000024e93ec0000, 0x0000024e94130000, 0x0000024e9b3f0000]
CodeHeap 'non-nmethods': size=5760Kb used=208Kb max_used=360Kb free=5551Kb
 bounds [0x0000024e9b3f0000, 0x0000024e9b660000, 0x0000024e9b990000]
 total_blobs=66 nmethods=0 adapters=47
 compilation: enabled
              stopped_count=0, restarted_count=0
 full_count=0

Compilation events (0 events):
No events

GC Heap History (0 events):
No events

Dll operation events (1 events):
Event: 0.072 Loaded shared library c:\Users\Vision\.vscode\extensions\redhat.java-1.19.0-win32-x64\jre\17.0.7-win32-x86_64\bin\java.dll

Deoptimization events (0 events):
No events

Classes unloaded (0 events):
No events

Classes redefined (0 events):
No events

Internal exceptions (0 events):
No events

VM Operations (0 events):
No events

Events (20 events):
Event: 0.253 loading class java/lang/Long
Event: 0.254 loading class java/lang/Long done
Event: 0.254 loading class java/util/Iterator
Event: 0.254 loading class java/util/Iterator done
Event: 0.254 loading class java/lang/reflect/RecordComponent
Event: 0.254 loading class java/lang/reflect/RecordComponent done
Event: 0.254 loading class jdk/internal/vm/vector/VectorSupport
Event: 0.254 loading class jdk/internal/vm/vector/VectorSupport done
Event: 0.254 loading class jdk/internal/vm/vector/VectorSupport$VectorPayload
Event: 0.254 loading class jdk/internal/vm/vector/VectorSupport$VectorPayload done
Event: 0.254 loading class jdk/internal/vm/vector/VectorSupport$Vector
Event: 0.254 loading class jdk/internal/vm/vector/VectorSupport$Vector done
Event: 0.255 loading class jdk/internal/vm/vector/VectorSupport$VectorMask
Event: 0.255 loading class jdk/internal/vm/vector/VectorSupport$VectorMask done
Event: 0.255 loading class jdk/internal/vm/vector/VectorSupport$VectorShuffle
Event: 0.255 loading class jdk/internal/vm/vector/VectorSupport$VectorShuffle done
Event: 0.259 loading class java/lang/NullPointerException
Event: 0.259 loading class java/lang/NullPointerException done
Event: 0.259 loading class java/lang/ArithmeticException
Event: 0.259 loading class java/lang/ArithmeticException done


Dynamic libraries:
0x00007ff6d2130000 - 0x00007ff6d213e000 	c:\Users\Vision\.vscode\extensions\redhat.java-1.19.0-win32-x64\jre\17.0.7-win32-x86_64\bin\java.exe
0x00007ffb23250000 - 0x00007ffb23464000 	C:\WINDOWS\SYSTEM32\ntdll.dll
0x00007ffb21800000 - 0x00007ffb218c2000 	C:\WINDOWS\System32\KERNEL32.DLL
0x00007ffb20a20000 - 0x00007ffb20dc3000 	C:\WINDOWS\System32\KERNELBASE.dll
0x00007ffb206f0000 - 0x00007ffb20801000 	C:\WINDOWS\System32\ucrtbase.dll
0x00007ffb03100000 - 0x00007ffb03117000 	c:\Users\Vision\.vscode\extensions\redhat.java-1.19.0-win32-x64\jre\17.0.7-win32-x86_64\bin\jli.dll
0x00007ffb024b0000 - 0x00007ffb024c9000 	c:\Users\Vision\.vscode\extensions\redhat.java-1.19.0-win32-x64\jre\17.0.7-win32-x86_64\bin\VCRUNTIME140.dll
0x00007ffb22300000 - 0x00007ffb224ab000 	C:\WINDOWS\System32\USER32.dll
0x00007ffb20980000 - 0x00007ffb209a6000 	C:\WINDOWS\System32\win32u.dll
0x00007ffb219d0000 - 0x00007ffb219f9000 	C:\WINDOWS\System32\GDI32.dll
0x00007ffb048d0000 - 0x00007ffb04b5e000 	C:\WINDOWS\WinSxS\amd64_microsoft.windows.common-controls_6595b64144ccf1df_6.0.22621.1635_none_270f70857386168e\COMCTL32.dll
0x00007ffb20dd0000 - 0x00007ffb20ee9000 	C:\WINDOWS\System32\gdi32full.dll
0x00007ffb21530000 - 0x00007ffb215d7000 	C:\WINDOWS\System32\msvcrt.dll
0x00007ffb20650000 - 0x00007ffb206ea000 	C:\WINDOWS\System32\msvcp_win.dll
0x00007ffb21030000 - 0x00007ffb21061000 	C:\WINDOWS\System32\IMM32.DLL
0x00007ffb19990000 - 0x00007ffb1999c000 	c:\Users\Vision\.vscode\extensions\redhat.java-1.19.0-win32-x64\jre\17.0.7-win32-x86_64\bin\vcruntime140_1.dll
0x00007ffae4850000 - 0x00007ffae48e1000 	c:\Users\Vision\.vscode\extensions\redhat.java-1.19.0-win32-x64\jre\17.0.7-win32-x86_64\bin\msvcp140.dll
0x00007ffabaec0000 - 0x00007ffabbb08000 	c:\Users\Vision\.vscode\extensions\redhat.java-1.19.0-win32-x64\jre\17.0.7-win32-x86_64\bin\server\jvm.dll
0x00007ffb21660000 - 0x00007ffb2170e000 	C:\WINDOWS\System32\ADVAPI32.dll
0x00007ffb22130000 - 0x00007ffb221d4000 	C:\WINDOWS\System32\sechost.dll
0x00007ffb221e0000 - 0x00007ffb222f7000 	C:\WINDOWS\System32\RPCRT4.dll
0x00007ffb18da0000 - 0x00007ffb18da9000 	C:\WINDOWS\SYSTEM32\WSOCK32.dll
0x00007ffb18790000 - 0x00007ffb187c4000 	C:\WINDOWS\SYSTEM32\WINMM.dll
0x00007ffb1ef30000 - 0x00007ffb1ef3a000 	C:\WINDOWS\SYSTEM32\VERSION.dll
0x00007ffb215e0000 - 0x00007ffb21651000 	C:\WINDOWS\System32\WS2_32.dll
0x00007ffb1f6a0000 - 0x00007ffb1f6b8000 	C:\WINDOWS\SYSTEM32\kernel.appcore.dll
0x00007ffb12b80000 - 0x00007ffb12b8a000 	c:\Users\Vision\.vscode\extensions\redhat.java-1.19.0-win32-x64\jre\17.0.7-win32-x86_64\bin\jimage.dll
0x00007ffb1dba0000 - 0x00007ffb1ddce000 	C:\WINDOWS\SYSTEM32\DBGHELP.DLL
0x00007ffb22540000 - 0x00007ffb228c9000 	C:\WINDOWS\System32\combase.dll
0x00007ffb21720000 - 0x00007ffb217f7000 	C:\WINDOWS\System32\OLEAUT32.dll
0x00007ffafc760000 - 0x00007ffafc792000 	C:\WINDOWS\SYSTEM32\dbgcore.DLL
0x00007ffb20ef0000 - 0x00007ffb20f6b000 	C:\WINDOWS\System32\bcryptPrimitives.dll
0x00007ffb12450000 - 0x00007ffb1245e000 	c:\Users\Vision\.vscode\extensions\redhat.java-1.19.0-win32-x64\jre\17.0.7-win32-x86_64\bin\instrument.dll
0x00007ffb01fe0000 - 0x00007ffb02005000 	c:\Users\Vision\.vscode\extensions\redhat.java-1.19.0-win32-x64\jre\17.0.7-win32-x86_64\bin\java.dll
0x00007ffb022c0000 - 0x00007ffb022d8000 	c:\Users\Vision\.vscode\extensions\redhat.java-1.19.0-win32-x64\jre\17.0.7-win32-x86_64\bin\zip.dll

dbghelp: loaded successfully - version: 4.0.5 - missing functions: none
symbol engine: initialized successfully - sym options: 0x614 - pdb path: .;c:\Users\Vision\.vscode\extensions\redhat.java-1.19.0-win32-x64\jre\17.0.7-win32-x86_64\bin;C:\WINDOWS\SYSTEM32;C:\WINDOWS\WinSxS\amd64_microsoft.windows.common-controls_6595b64144ccf1df_6.0.22621.1635_none_270f70857386168e;c:\Users\Vision\.vscode\extensions\redhat.java-1.19.0-win32-x64\jre\17.0.7-win32-x86_64\bin\server

VM Arguments:
jvm_args: --add-modules=ALL-SYSTEM --add-opens=java.base/java.util=ALL-UNNAMED --add-opens=java.base/java.lang=ALL-UNNAMED --add-opens=java.base/sun.nio.fs=ALL-UNNAMED -Declipse.application=org.eclipse.jdt.ls.core.id1 -Dosgi.bundles.defaultStartLevel=4 -Declipse.product=org.eclipse.jdt.ls.core.product -Djava.import.generatesMetadataFilesAtProjectRoot=false -Dfile.encoding=utf8 -XX:+UseParallelGC -XX:GCTimeRatio=4 -XX:AdaptiveSizePolicyWeight=90 -Dsun.zip.disableMemoryMapping=true -Xmx1G -Xms100m -Xlog:disable -javaagent:c:\Users\Vision\.vscode\extensions\redhat.java-1.19.0-win32-x64\lombok\lombok-1.18.28.jar 
java_command: c:\Users\Vision\.vscode\extensions\redhat.java-1.19.0-win32-x64\server\plugins\org.eclipse.equinox.launcher_1.6.400.v20210924-0641.jar -configuration c:\Users\Vision\AppData\Roaming\Code\User\globalStorage\redhat.java\1.19.0\config_ss_win -data c:\Users\Vision\AppData\Roaming\Code\User\workspaceStorage\1d804c9b709fbb007fbd3f607e764722\redhat.java\ss_ws
java_class_path (initial): c:\Users\Vision\.vscode\extensions\redhat.java-1.19.0-win32-x64\server\plugins\org.eclipse.equinox.launcher_1.6.400.v20210924-0641.jar
Launcher Type: SUN_STANDARD

[Global flags]
    uintx AdaptiveSizePolicyWeight                 = 90                                        {product} {command line}
     intx CICompilerCount                          = 4                                         {product} {ergonomic}
    uintx GCTimeRatio                              = 4                                         {product} {command line}
   size_t InitialHeapSize                          = 104857600                                 {product} {command line}
   size_t MaxHeapSize                              = 1073741824                                {product} {command line}
   size_t MaxNewSize                               = 357564416                                 {product} {ergonomic}
   size_t MinHeapDeltaBytes                        = 524288                                    {product} {ergonomic}
   size_t MinHeapSize                              = 104857600                                 {product} {command line}
   size_t NewSize                                  = 34603008                                  {product} {ergonomic}
    uintx NonNMethodCodeHeapSize                   = 5839372                                {pd product} {ergonomic}
    uintx NonProfiledCodeHeapSize                  = 122909434                              {pd product} {ergonomic}
   size_t OldSize                                  = 70254592                                  {product} {ergonomic}
    uintx ProfiledCodeHeapSize                     = 122909434                              {pd product} {ergonomic}
    uintx ReservedCodeCacheSize                    = 251658240                              {pd product} {ergonomic}
     bool SegmentedCodeCache                       = true                                      {product} {ergonomic}
   size_t SoftMaxHeapSize                          = 1073741824                             {manageable} {ergonomic}
     bool UseCompressedClassPointers               = true                           {product lp64_product} {ergonomic}
     bool UseCompressedOops                        = true                           {product lp64_product} {ergonomic}
     bool UseLargePagesIndividualAllocation        = false                                  {pd product} {ergonomic}
     bool UseParallelGC                            = true                                      {product} {command line}

Logging:
Log output configuration:
 #0: stdout all=off uptime,level,tags
 #1: stderr all=off uptime,level,tags

Environment Variables:
JAVA_HOME=C:\Users\Vision\AppData\Local\Programs\Eclipse Adoptium\jdk-17.0.6.10-hotspot\
PATH=C:\WINDOWS\system32;C:\WINDOWS;C:\WINDOWS\System32\Wbem;C:\WINDOWS\System32\WindowsPowerShell\v1.0\;C:\WINDOWS\System32\OpenSSH\;C:\Program Files\Git\cmd;C:\Program Files\nodejs\;C:\Users\Vision\AppData\Local\Programs\Eclipse Adoptium\jdk-17.0.6.10-hotspot\bin;C:\Users\Vision\AppData\Local\Programs\Python\Python311\Scripts\;C:\Users\Vision\AppData\Local\Programs\Python\Python311\;C:\Users\Vision\AppData\Local\Microsoft\WindowsApps;C:\Program Files\CodeBlocks\MinGW\bin;C:\MinGW\bin;C:\Users\Vision\AppData\Local\Programs\Microsoft VS Code\bin;C:\Users\Vision\AppData\Roaming\npm
USERNAME=Vision
OS=Windows_NT
PROCESSOR_IDENTIFIER=Intel64 Family 6 Model 126 Stepping 5, GenuineIntel
TMP=C:\Users\Vision\AppData\Local\Temp
TEMP=C:\Users\Vision\AppData\Local\Temp



---------------  S Y S T E M  ---------------

OS:
 Windows 11 , 64 bit Build 22621 (10.0.22621.1778)
OS uptime: 1 days 0:24 hours

CPU: total 8 (initial active 8) (4 cores per cpu, 2 threads per core) family 6 model 126 stepping 5 microcode 0xa0, cx8, cmov, fxsr, ht, mmx, 3dnowpref, sse, sse2, sse3, ssse3, sse4.1, sse4.2, popcnt, lzcnt, tsc, tscinvbit, avx, avx2, aes, erms, clmul, bmi1, bmi2, adx, avx512f, avx512dq, avx512cd, avx512bw, avx512vl, sha, fma, vzeroupper, avx512_vpopcntdq, avx512_vpclmulqdq, avx512_vaes, avx512_vnni, clflush, clflushopt, avx512_vbmi2, avx512_vbmi

Memory: 4k page, system-wide physical 7880M (1112M free)
TotalPageFile size 9160M (AvailPageFile size 2M)
current process WorkingSet (physical memory assigned to process): 17M, peak: 17M
current process commit charge ("private bytes"): 149M, peak: 150M

vm_info: OpenJDK 64-Bit Server VM (17.0.7+7) for windows-amd64 JRE (17.0.7+7), built on Apr 18 2023 22:10:42 by "temurin" with MS VC++ 16.7 (VS2019)

END.
