#
# There is insufficient memory for the Java Runtime Environment to continue.
# Native memory allocation (mmap) failed to map 65536 bytes for Failed to commit metaspace.
# Possible reasons:
#   The system is out of physical RAM or swap space
#   The process is running with CompressedOops enabled, and the Java Heap may be blocking the growth of the native heap
# Possible solutions:
#   Reduce memory load on the system
#   Increase physical memory or swap space
#   Check if swap backing store is full
#   Decrease Java heap size (-Xmx/-Xms)
#   Decrease number of Java threads
#   Decrease Java thread stack sizes (-Xss)
#   Set larger code cache with -XX:ReservedCodeCacheSize=
#   JVM is running with Unscaled Compressed Oops mode in which the Java heap is
#     placed in the first 4GB address space. The Java Heap base address is the
#     maximum limit for the native heap growth. Please use -XX:HeapBaseMinAddress
#     to set the Java Heap base and to place the Java Heap above 4GB virtual address.
# This output file may be truncated or incomplete.
#
#  Out of Memory Error (virtualSpaceNode.cpp:110), pid=1900, tid=12760
#
# JRE version: OpenJDK Runtime Environment Temurin-17.0.7+7 (17.0.7+7) (build 17.0.7+7)
# Java VM: OpenJDK 64-Bit Server VM Temurin-17.0.7+7 (17.0.7+7, mixed mode, tiered, compressed oops, compressed class ptrs, parallel gc, windows-amd64)
# No core dump will be written. Minidumps are not enabled by default on client versions of Windows
#

---------------  S U M M A R Y ------------

Command Line: --add-modules=ALL-SYSTEM --add-opens=java.base/java.util=ALL-UNNAMED --add-opens=java.base/java.lang=ALL-UNNAMED --add-opens=java.base/sun.nio.fs=ALL-UNNAMED -Declipse.application=org.eclipse.jdt.ls.core.id1 -Dosgi.bundles.defaultStartLevel=4 -Declipse.product=org.eclipse.jdt.ls.core.product -Djava.import.generatesMetadataFilesAtProjectRoot=false -Dfile.encoding=utf8 -XX:+UseParallelGC -XX:GCTimeRatio=4 -XX:AdaptiveSizePolicyWeight=90 -Dsun.zip.disableMemoryMapping=true -Xmx1G -Xms100m -Xlog:disable -javaagent:c:\Users\Vision\.vscode\extensions\redhat.java-1.19.0-win32-x64\lombok\lombok-1.18.28.jar -XX:+HeapDumpOnOutOfMemoryError -XX:HeapDumpPath=c:\Users\Vision\AppData\Roaming\Code\User\workspaceStorage\1d804c9b709fbb007fbd3f607e764722\redhat.java -Daether.dependencyCollector.impl=bf c:\Users\Vision\.vscode\extensions\redhat.java-1.19.0-win32-x64\server\plugins\org.eclipse.equinox.launcher_1.6.400.v20210924-0641.jar -configuration c:\Users\Vision\AppData\Roaming\Code\User\globalStorage\redhat.java\1.19.0\config_win -data c:\Users\Vision\AppData\Roaming\Code\User\workspaceStorage\1d804c9b709fbb007fbd3f607e764722\redhat.java\jdt_ws

Host: Intel(R) Core(TM) i5-1035G1 CPU @ 1.00GHz, 8 cores, 7G,  Windows 11 , 64 bit Build 22621 (10.0.22621.1778)
Time: Sat Jun 17 23:22:55 2023 India Standard Time elapsed time: 4.734749 seconds (0d 0h 0m 4s)

---------------  T H R E A D  ---------------

Current thread (0x0000020406193400):  JavaThread "main" [_thread_in_vm, id=12760, stack(0x0000003a22300000,0x0000003a22400000)]

Stack: [0x0000003a22300000,0x0000003a22400000]
Native frames: (J=compiled Java code, j=interpreted, Vv=VM code, C=native code)
V  [jvm.dll+0x67754a]
V  [jvm.dll+0x834304]
V  [jvm.dll+0x835aae]
V  [jvm.dll+0x836113]
V  [jvm.dll+0x24696f]
V  [jvm.dll+0x83039b]
V  [jvm.dll+0x61c006]
V  [jvm.dll+0x61c06a]
V  [jvm.dll+0x61e89a]
V  [jvm.dll+0x61c9a6]
V  [jvm.dll+0x2442bc]
V  [jvm.dll+0x6cdf4d]
V  [jvm.dll+0x6ce97f]
V  [jvm.dll+0x371b23]
V  [jvm.dll+0x370bc4]
V  [jvm.dll+0x370b68]
V  [jvm.dll+0x380a8a]
C  0x0000020411b2ae1b

Java frames: (J=compiled Java code, j=interpreted, Vv=VM code)
j  java.util.ServiceLoader.newLookupIterator()Ljava/util/Iterator;+62 java.base@17.0.7
j  java.util.ServiceLoader.iterator()Ljava/util/Iterator;+9 java.base@17.0.7
j  java.net.URL$1.<init>()V+29 java.base@17.0.7
j  java.net.URL.providers()Ljava/util/Iterator;+4 java.base@17.0.7
j  java.net.URL$2.run()Ljava/net/URLStreamHandler;+0 java.base@17.0.7
j  java.net.URL$2.run()Ljava/lang/Object;+1 java.base@17.0.7
j  java.security.AccessController.executePrivileged(Ljava/security/PrivilegedAction;Ljava/security/AccessControlContext;Ljava/lang/Class;)Ljava/lang/Object;+29 java.base@17.0.7
j  java.security.AccessController.doPrivileged(Ljava/security/PrivilegedAction;)Ljava/lang/Object;+5 java.base@17.0.7
j  java.net.URL.lookupViaProviders(Ljava/lang/String;)Ljava/net/URLStreamHandler;+37 java.base@17.0.7
j  java.net.URL.getURLStreamHandler(Ljava/lang/String;)Ljava/net/URLStreamHandler;+68 java.base@17.0.7
j  java.net.URL.<init>(Ljava/net/URL;Ljava/lang/String;Ljava/net/URLStreamHandler;)V+386 java.base@17.0.7
j  java.net.URL.<init>(Ljava/net/URL;Ljava/lang/String;)V+4 java.base@17.0.7
j  java.net.URL.<init>(Ljava/lang/String;)V+3 java.base@17.0.7
j  org.eclipse.equinox.launcher.Main.buildURL(Ljava/lang/String;Z)Ljava/net/URL;+74
j  org.eclipse.equinox.launcher.Main.buildLocation(Ljava/lang/String;Ljava/net/URL;Ljava/lang/String;)Ljava/net/URL;+252
j  org.eclipse.equinox.launcher.Main.getConfigurationLocation()Ljava/net/URL;+20
j  org.eclipse.equinox.launcher.Main.processConfiguration()V+135
j  org.eclipse.equinox.launcher.Main.basicRun([Ljava/lang/String;)V+53
j  org.eclipse.equinox.launcher.Main.run([Ljava/lang/String;)I+4
j  org.eclipse.equinox.launcher.Main.main([Ljava/lang/String;)V+10
v  ~StubRoutines::call_stub

---------------  P R O C E S S  ---------------

Threads class SMR info:
_java_thread_list=0x00000204215eff70, length=14, elements={
0x0000020406193400, 0x000002041bf49970, 0x000002041bf4b440, 0x000002042124afc0,
0x000002041bf5e400, 0x0000020421275ee0, 0x000002042127c550, 0x000002042127dcf0,
0x000002042127f9f0, 0x0000020421291250, 0x00000204213c9e50, 0x000002042146fa20,
0x00000204215b62c0, 0x0000020421608420
}

Java Threads: ( => current thread )
=>0x0000020406193400 JavaThread "main" [_thread_in_vm, id=12760, stack(0x0000003a22300000,0x0000003a22400000)]
  0x000002041bf49970 JavaThread "Reference Handler" daemon [_thread_blocked, id=19216, stack(0x0000003a22600000,0x0000003a22700000)]
  0x000002041bf4b440 JavaThread "Finalizer" daemon [_thread_blocked, id=10344, stack(0x0000003a22700000,0x0000003a22800000)]
  0x000002042124afc0 JavaThread "Signal Dispatcher" daemon [_thread_blocked, id=14556, stack(0x0000003a22800000,0x0000003a22900000)]
  0x000002041bf5e400 JavaThread "Attach Listener" daemon [_thread_blocked, id=20672, stack(0x0000003a22900000,0x0000003a22a00000)]
  0x0000020421275ee0 JavaThread "Service Thread" daemon [_thread_blocked, id=22496, stack(0x0000003a22a00000,0x0000003a22b00000)]
  0x000002042127c550 JavaThread "Monitor Deflation Thread" daemon [_thread_blocked, id=15860, stack(0x0000003a22b00000,0x0000003a22c00000)]
  0x000002042127dcf0 JavaThread "C2 CompilerThread0" daemon [_thread_blocked, id=19180, stack(0x0000003a22c00000,0x0000003a22d00000)]
  0x000002042127f9f0 JavaThread "C1 CompilerThread0" daemon [_thread_blocked, id=5360, stack(0x0000003a22d00000,0x0000003a22e00000)]
  0x0000020421291250 JavaThread "Sweeper thread" daemon [_thread_blocked, id=19928, stack(0x0000003a22e00000,0x0000003a22f00000)]
  0x00000204213c9e50 JavaThread "Common-Cleaner" daemon [_thread_blocked, id=9744, stack(0x0000003a22f00000,0x0000003a23000000)]
  0x000002042146fa20 JavaThread "C2 CompilerThread1" daemon [_thread_blocked, id=21628, stack(0x0000003a23000000,0x0000003a23100000)]
  0x00000204215b62c0 JavaThread "Notification Thread" daemon [_thread_blocked, id=16644, stack(0x0000003a23100000,0x0000003a23200000)]
  0x0000020421608420 JavaThread "C2 CompilerThread2" daemon [_thread_blocked, id=11820, stack(0x0000003a23300000,0x0000003a23400000)]

Other Threads:
  0x000002040624ecd0 VMThread "VM Thread" [stack: 0x0000003a22500000,0x0000003a22600000] [id=8760] _threads_hazard_ptr=0x00000204215eff70
  0x00000204215e91c0 WatcherThread [stack: 0x0000003a23200000,0x0000003a23300000] [id=13736]
  0x00000204061a5f30 GCTaskThread "GC Thread#0" [stack: 0x0000003a22400000,0x0000003a22500000] [id=19856]

Threads with active compile tasks:
C2 CompilerThread0     4747  543 %     4       sun.security.provider.SHA2::implCompress0 @ 27 (490 bytes)
C2 CompilerThread1     4747  541       4       java.lang.invoke.VarHandleGuards::guard_LI_I (78 bytes)
C2 CompilerThread2     4748  525       4       lombok.patcher.PatchScript::classMatches (41 bytes)

VM state: synchronizing (normal execution)

VM Mutex/Monitor currently owned by a thread:  ([mutex/lock_event])
[0x0000020405e8b880] Metaspace_lock - owner thread: 0x0000020406193400
[0x000002040618eab0] Threads_lock - owner thread: 0x000002040624ecd0

Heap address: 0x00000000c0000000, size: 1024 MB, Compressed Oops mode: 32-bit

CDS archive(s) not mapped
Compressed class space mapped at: 0x0000000100000000-0x0000000140000000, reserved size: 1073741824
Narrow klass base: 0x0000000000000000, Narrow klass shift: 3, Narrow klass range: 0x140000000

GC Precious Log:
 CPUs: 8 total, 8 available
 Memory: 7880M
 Large Page Support: Disabled
 NUMA Support: Disabled
 Compressed Oops: Enabled (32-bit)
 Alignments: Space 512K, Generation 512K, Heap 2M
 Heap Min Capacity: 100M
 Heap Initial Capacity: 100M
 Heap Max Capacity: 1G
 Pre-touch: Disabled
 Parallel Workers: 8

Heap:
 PSYoungGen      total 29696K, used 13247K [0x00000000eab00000, 0x00000000ecc00000, 0x0000000100000000)
  eden space 25600K, 51% used [0x00000000eab00000,0x00000000eb7efd78,0x00000000ec400000)
  from space 4096K, 0% used [0x00000000ec800000,0x00000000ec800000,0x00000000ecc00000)
  to   space 4096K, 0% used [0x00000000ec400000,0x00000000ec400000,0x00000000ec800000)
 ParOldGen       total 68608K, used 0K [0x00000000c0000000, 0x00000000c4300000, 0x00000000eab00000)
  object space 68608K, 0% used [0x00000000c0000000,0x00000000c0000000,0x00000000c4300000)
 Metaspace       used 8955K, committed 9088K, reserved 1114112K
  class space    used 885K, committed 960K, reserved 1048576K

Card table byte_map: [0x00000204197d0000,0x00000204199e0000] _byte_map_base: 0x00000204191d0000

Marking Bits: (ParMarkBitMap*) 0x00007ffabba452c0
 Begin Bits: [0x0000020419b40000, 0x000002041ab40000)
 End Bits:   [0x000002041ab40000, 0x000002041bb40000)

Polling page: 0x0000020406250000

Metaspace:

Usage:
  Non-class:      7.88 MB used.
      Class:    885.89 KB used.
       Both:      8.75 MB used.

Virtual space:
  Non-class space:       64.00 MB reserved,       7.94 MB ( 12%) committed,  1 nodes.
      Class space:        1.00 GB reserved,     960.00 KB ( <1%) committed,  1 nodes.
             Both:        1.06 GB reserved,       8.88 MB ( <1%) committed. 

Chunk freelists:
   Non-Class:  7.92 MB
       Class:  15.09 MB
        Both:  23.01 MB

MaxMetaspaceSize: unlimited
CompressedClassSpaceSize: 1.00 GB
Initial GC threshold: 21.00 MB
Current GC threshold: 21.00 MB
CDS: off
MetaspaceReclaimPolicy: balanced
 - commit_granule_bytes: 65536.
 - commit_granule_words: 8192.
 - virtual_space_node_default_size: 8388608.
 - enlarge_chunks_in_place: 1.
 - new_chunks_are_fully_committed: 0.
 - uncommit_free_chunks: 1.
 - use_allocation_guard: 0.
 - handle_deallocations: 1.


Internal statistics:

num_allocs_failed_limit: 0.
num_arena_births: 10.
num_arena_deaths: 0.
num_vsnodes_births: 2.
num_vsnodes_deaths: 0.
num_space_committed: 142.
num_space_uncommitted: 0.
num_chunks_returned_to_freelist: 0.
num_chunks_taken_from_freelist: 44.
num_chunk_merges: 0.
num_chunk_splits: 25.
num_chunks_enlarged: 19.
num_inconsistent_stats: 0.

CodeHeap 'non-profiled nmethods': size=120000Kb used=190Kb max_used=190Kb free=119810Kb
 bounds [0x00000204120b0000, 0x0000020412320000, 0x00000204195e0000]
CodeHeap 'profiled nmethods': size=120000Kb used=773Kb max_used=773Kb free=119226Kb
 bounds [0x000002040a5e0000, 0x000002040a850000, 0x0000020411b10000]
CodeHeap 'non-nmethods': size=5760Kb used=1146Kb max_used=1164Kb free=4613Kb
 bounds [0x0000020411b10000, 0x0000020411d80000, 0x00000204120b0000]
 total_blobs=961 nmethods=539 adapters=337
 compilation: enabled
              stopped_count=0, restarted_count=0
 full_count=0

Compilation events (20 events):
Event: 1.595 Thread 0x000002042127f9f0  535       1       java.security.Provider$Service::getProvider (5 bytes)
Event: 1.595 Thread 0x000002042127f9f0 nmethod 535 0x00000204120dd810 code [0x00000204120dd9a0, 0x00000204120dda78]
Event: 1.596 Thread 0x000002042127f9f0  536       3       sun.security.provider.SHA2::implCompress0 (490 bytes)
Event: 1.597 Thread 0x000002042127f9f0 nmethod 536 0x000002040a696b10 code [0x000002040a696d00, 0x000002040a697568]
Event: 1.598 Thread 0x000002042127f9f0  537       3       sun.security.provider.ByteArrayAccess::b2iBig64 (231 bytes)
Event: 2.689 Thread 0x000002042146fa20 

Event: 2.689 Thread 0x000002042146fa20  526       4       java.util.HashSet::iterator (13 bytes)
Event: 2.690 Thread 0x000002042127f9f0 nmethod 537 0x000002040a697a10 code [0x000002040a6984e0, 0x000002040a69e8b8]
Event: 2.691 Thread 0x000002042127f9f0  538       3       sun.security.provider.SHA2::implCompress (13 bytes)
Event: 2.691 Thread 0x000002042127f9f0 nmethod 538 0x000002040a6a0610 code [0x000002040a6a0800, 0x000002040a6a0c48]
Event: 2.691 Thread 0x000002042127f9f0  539       3       sun.security.provider.SHA2::implCompressCheck (27 bytes)
Event: 2.691 Thread 0x000002042127f9f0 nmethod 539 0x000002040a6a0e10 code [0x000002040a6a0fe0, 0x000002040a6a1398]
Event: 2.693 Thread 0x000002042127dcf0 nmethod 527 0x00000204120ddb10 code [0x00000204120ddce0, 0x00000204120de338]
Event: 2.693 Thread 0x000002042127dcf0  543 %     4       sun.security.provider.SHA2::implCompress0 @ 27 (490 bytes)
Event: 2.695 Thread 0x000002042127f9f0  545       1       java.lang.Module::getDescriptor (5 bytes)
Event: 2.695 Thread 0x000002042127f9f0 nmethod 545 0x00000204120de790 code [0x00000204120de920, 0x00000204120de9f8]
Event: 2.700 Thread 0x000002042146fa20 nmethod 526 0x00000204120dea90 code [0x00000204120dec40, 0x00000204120df198]
Event: 2.703 Thread 0x000002042146fa20  540       4       jdk.internal.misc.Unsafe::getIntUnaligned (12 bytes)
Event: 2.703 Thread 0x000002042146fa20 nmethod 540 0x00000204120df510 code [0x00000204120df680, 0x00000204120df738]
Event: 2.703 Thread 0x000002042146fa20  541       4       java.lang.invoke.VarHandleGuards::guard_LI_I (78 bytes)

GC Heap History (0 events):
No events

Dll operation events (8 events):
Event: 0.079 Loaded shared library c:\Users\Vision\.vscode\extensions\redhat.java-1.19.0-win32-x64\jre\17.0.7-win32-x86_64\bin\java.dll
Event: 1.015 Loaded shared library c:\Users\Vision\.vscode\extensions\redhat.java-1.19.0-win32-x64\jre\17.0.7-win32-x86_64\bin\zip.dll
Event: 1.019 Loaded shared library C:\Users\Vision\.vscode\extensions\redhat.java-1.19.0-win32-x64\jre\17.0.7-win32-x86_64\bin\instrument.dll
Event: 1.044 Loaded shared library C:\Users\Vision\.vscode\extensions\redhat.java-1.19.0-win32-x64\jre\17.0.7-win32-x86_64\bin\net.dll
Event: 1.049 Loaded shared library C:\Users\Vision\.vscode\extensions\redhat.java-1.19.0-win32-x64\jre\17.0.7-win32-x86_64\bin\nio.dll
Event: 1.063 Loaded shared library C:\Users\Vision\.vscode\extensions\redhat.java-1.19.0-win32-x64\jre\17.0.7-win32-x86_64\bin\zip.dll
Event: 1.089 Loaded shared library C:\Users\Vision\.vscode\extensions\redhat.java-1.19.0-win32-x64\jre\17.0.7-win32-x86_64\bin\jimage.dll
Event: 1.149 Loaded shared library c:\Users\Vision\.vscode\extensions\redhat.java-1.19.0-win32-x64\jre\17.0.7-win32-x86_64\bin\verify.dll

Deoptimization events (20 events):
Event: 1.378 Thread 0x0000020406193400 Uncommon trap: trap_request=0xffffffde fr.pc=0x00000204120d0cac relative=0x000000000000010c
Event: 1.378 Thread 0x0000020406193400 Uncommon trap: reason=class_check action=maybe_recompile pc=0x00000204120d0cac method=jdk.internal.misc.Unsafe.allocateUninitializedArray(Ljava/lang/Class;I)Ljava/lang/Object; @ 51 c2
Event: 1.378 Thread 0x0000020406193400 DEOPT PACKING pc=0x00000204120d0cac sp=0x0000003a223faee0
Event: 1.378 Thread 0x0000020406193400 DEOPT UNPACKING pc=0x0000020411b69ea3 sp=0x0000003a223fae68 mode 2
Event: 1.378 Thread 0x0000020406193400 Uncommon trap: trap_request=0xffffffde fr.pc=0x00000204120d0cac relative=0x000000000000010c
Event: 1.378 Thread 0x0000020406193400 Uncommon trap: reason=class_check action=maybe_recompile pc=0x00000204120d0cac method=jdk.internal.misc.Unsafe.allocateUninitializedArray(Ljava/lang/Class;I)Ljava/lang/Object; @ 51 c2
Event: 1.378 Thread 0x0000020406193400 DEOPT PACKING pc=0x00000204120d0cac sp=0x0000003a223faee0
Event: 1.378 Thread 0x0000020406193400 DEOPT UNPACKING pc=0x0000020411b69ea3 sp=0x0000003a223fae68 mode 2
Event: 1.378 Thread 0x0000020406193400 Uncommon trap: trap_request=0xffffffde fr.pc=0x00000204120d0cac relative=0x000000000000010c
Event: 1.378 Thread 0x0000020406193400 Uncommon trap: reason=class_check action=maybe_recompile pc=0x00000204120d0cac method=jdk.internal.misc.Unsafe.allocateUninitializedArray(Ljava/lang/Class;I)Ljava/lang/Object; @ 51 c2
Event: 1.378 Thread 0x0000020406193400 DEOPT PACKING pc=0x00000204120d0cac sp=0x0000003a223faee0
Event: 1.378 Thread 0x0000020406193400 DEOPT UNPACKING pc=0x0000020411b69ea3 sp=0x0000003a223fae68 mode 2
Event: 1.378 Thread 0x0000020406193400 Uncommon trap: trap_request=0xffffffde fr.pc=0x00000204120d0cac relative=0x000000000000010c
Event: 1.378 Thread 0x0000020406193400 Uncommon trap: reason=class_check action=maybe_recompile pc=0x00000204120d0cac method=jdk.internal.misc.Unsafe.allocateUninitializedArray(Ljava/lang/Class;I)Ljava/lang/Object; @ 51 c2
Event: 1.378 Thread 0x0000020406193400 DEOPT PACKING pc=0x00000204120d0cac sp=0x0000003a223faf20
Event: 1.378 Thread 0x0000020406193400 DEOPT UNPACKING pc=0x0000020411b69ea3 sp=0x0000003a223faea8 mode 2
Event: 1.399 Thread 0x0000020406193400 Uncommon trap: trap_request=0xffffff45 fr.pc=0x00000204120c39c0 relative=0x00000000000000c0
Event: 1.399 Thread 0x0000020406193400 Uncommon trap: reason=unstable_if action=reinterpret pc=0x00000204120c39c0 method=java.net.URI.match(CJJ)Z @ 45 c2
Event: 1.399 Thread 0x0000020406193400 DEOPT PACKING pc=0x00000204120c39c0 sp=0x0000003a223fc5c0
Event: 1.399 Thread 0x0000020406193400 DEOPT UNPACKING pc=0x0000020411b69ea3 sp=0x0000003a223fc548 mode 2

Classes unloaded (0 events):
No events

Classes redefined (0 events):
No events

Internal exceptions (2 events):
Event: 0.976 Thread 0x0000020406193400 Exception <a 'java/lang/NoSuchMethodError'{0x00000000eacb24e8}: 'void java.lang.invoke.DirectMethodHandle$Holder.invokeStatic(java.lang.Object, java.lang.Object, java.lang.Object)'> (0x00000000eacb24e8) 
thrown [s\src\hotspot\share\interpreter\linkResolver.cpp, line 759]
Event: 1.183 Thread 0x0000020406193400 Exception <a 'java/lang/reflect/InvocationTargetException'{0x00000000eaf79498}> (0x00000000eaf79498) 
thrown [s\src\hotspot\share\runtime\reflection.cpp, line 1121]

VM Operations (11 events):
Event: 0.985 Executing VM operation: HandshakeAllThreads
Event: 0.985 Executing VM operation: HandshakeAllThreads done
Event: 1.113 Executing VM operation: HandshakeAllThreads
Event: 1.113 Executing VM operation: HandshakeAllThreads done
Event: 1.589 Executing VM operation: HandshakeAllThreads
Event: 1.589 Executing VM operation: HandshakeAllThreads done
Event: 2.595 Executing VM operation: Cleanup
Event: 2.595 Executing VM operation: Cleanup done
Event: 2.692 Executing VM operation: HandshakeAllThreads
Event: 2.693 Executing VM operation: HandshakeAllThreads done
Event: 3.701 Executing VM operation: Cleanup

Events (20 events):
Event: 2.692 loading class java/lang/SecurityException
Event: 2.692 loading class java/lang/SecurityException done
Event: 2.693 loading class java/net/URL$2
Event: 2.694 loading class java/net/URL$2 done
Event: 2.694 loading class java/net/URL$1
Event: 2.694 loading class java/net/URL$1 done
Event: 2.694 loading class java/net/spi/URLStreamHandlerProvider
Event: 2.694 loading class java/net/spi/URLStreamHandlerProvider done
Event: 2.694 loading class java/util/ServiceLoader
Event: 2.694 loading class java/util/ServiceLoader done
Event: 2.694 loading class java/util/ServiceLoader$ModuleServicesLookupIterator
Event: 2.694 loading class java/util/ServiceLoader$ModuleServicesLookupIterator done
Event: 2.694 loading class java/util/Spliterators$ArraySpliterator
Event: 2.694 loading class java/util/Spliterators$ArraySpliterator done
Event: 2.694 loading class java/util/Spliterators$1Adapter
Event: 2.694 loading class java/util/Spliterators$1Adapter done
Event: 2.695 loading class java/util/ServiceLoader$LazyClassPathLookupIterator
Event: 2.695 loading class java/util/ServiceLoader$LazyClassPathLookupIterator done
Event: 2.695 loading class java/util/ServiceLoader$2
Event: 2.695 loading class java/util/ServiceLoader$2 done


Dynamic libraries:
0x00007ff6d2130000 - 0x00007ff6d213e000 	c:\Users\Vision\.vscode\extensions\redhat.java-1.19.0-win32-x64\jre\17.0.7-win32-x86_64\bin\java.exe
0x00007ffb23250000 - 0x00007ffb23464000 	C:\WINDOWS\SYSTEM32\ntdll.dll
0x00007ffb21800000 - 0x00007ffb218c2000 	C:\WINDOWS\System32\KERNEL32.DLL
0x00007ffb20a20000 - 0x00007ffb20dc3000 	C:\WINDOWS\System32\KERNELBASE.dll
0x00007ffb206f0000 - 0x00007ffb20801000 	C:\WINDOWS\System32\ucrtbase.dll
0x00007ffb03100000 - 0x00007ffb03117000 	c:\Users\Vision\.vscode\extensions\redhat.java-1.19.0-win32-x64\jre\17.0.7-win32-x86_64\bin\jli.dll
0x00007ffb024b0000 - 0x00007ffb024c9000 	c:\Users\Vision\.vscode\extensions\redhat.java-1.19.0-win32-x64\jre\17.0.7-win32-x86_64\bin\VCRUNTIME140.dll
0x00007ffb22300000 - 0x00007ffb224ab000 	C:\WINDOWS\System32\USER32.dll
0x00007ffb20980000 - 0x00007ffb209a6000 	C:\WINDOWS\System32\win32u.dll
0x00007ffb048d0000 - 0x00007ffb04b5e000 	C:\WINDOWS\WinSxS\amd64_microsoft.windows.common-controls_6595b64144ccf1df_6.0.22621.1635_none_270f70857386168e\COMCTL32.dll
0x00007ffb219d0000 - 0x00007ffb219f9000 	C:\WINDOWS\System32\GDI32.dll
0x00007ffb21530000 - 0x00007ffb215d7000 	C:\WINDOWS\System32\msvcrt.dll
0x00007ffb20dd0000 - 0x00007ffb20ee9000 	C:\WINDOWS\System32\gdi32full.dll
0x00007ffb20650000 - 0x00007ffb206ea000 	C:\WINDOWS\System32\msvcp_win.dll
0x00007ffb21030000 - 0x00007ffb21061000 	C:\WINDOWS\System32\IMM32.DLL
0x00007ffb19990000 - 0x00007ffb1999c000 	c:\Users\Vision\.vscode\extensions\redhat.java-1.19.0-win32-x64\jre\17.0.7-win32-x86_64\bin\vcruntime140_1.dll
0x00007ffae4850000 - 0x00007ffae48e1000 	c:\Users\Vision\.vscode\extensions\redhat.java-1.19.0-win32-x64\jre\17.0.7-win32-x86_64\bin\msvcp140.dll
0x00007ffabaec0000 - 0x00007ffabbb08000 	c:\Users\Vision\.vscode\extensions\redhat.java-1.19.0-win32-x64\jre\17.0.7-win32-x86_64\bin\server\jvm.dll
0x00007ffb21660000 - 0x00007ffb2170e000 	C:\WINDOWS\System32\ADVAPI32.dll
0x00007ffb22130000 - 0x00007ffb221d4000 	C:\WINDOWS\System32\sechost.dll
0x00007ffb221e0000 - 0x00007ffb222f7000 	C:\WINDOWS\System32\RPCRT4.dll
0x00007ffb18790000 - 0x00007ffb187c4000 	C:\WINDOWS\SYSTEM32\WINMM.dll
0x00007ffb18da0000 - 0x00007ffb18da9000 	C:\WINDOWS\SYSTEM32\WSOCK32.dll
0x00007ffb215e0000 - 0x00007ffb21651000 	C:\WINDOWS\System32\WS2_32.dll
0x00007ffb1ef30000 - 0x00007ffb1ef3a000 	C:\WINDOWS\SYSTEM32\VERSION.dll
0x00007ffb1f6a0000 - 0x00007ffb1f6b8000 	C:\WINDOWS\SYSTEM32\kernel.appcore.dll
0x00007ffb12b80000 - 0x00007ffb12b8a000 	c:\Users\Vision\.vscode\extensions\redhat.java-1.19.0-win32-x64\jre\17.0.7-win32-x86_64\bin\jimage.dll
0x00007ffb1dba0000 - 0x00007ffb1ddce000 	C:\WINDOWS\SYSTEM32\DBGHELP.DLL
0x00007ffb22540000 - 0x00007ffb228c9000 	C:\WINDOWS\System32\combase.dll
0x00007ffb21720000 - 0x00007ffb217f7000 	C:\WINDOWS\System32\OLEAUT32.dll
0x00007ffafc760000 - 0x00007ffafc792000 	C:\WINDOWS\SYSTEM32\dbgcore.DLL
0x00007ffb20ef0000 - 0x00007ffb20f6b000 	C:\WINDOWS\System32\bcryptPrimitives.dll
0x00007ffb12450000 - 0x00007ffb1245e000 	c:\Users\Vision\.vscode\extensions\redhat.java-1.19.0-win32-x64\jre\17.0.7-win32-x86_64\bin\instrument.dll
0x00007ffb01fe0000 - 0x00007ffb02005000 	c:\Users\Vision\.vscode\extensions\redhat.java-1.19.0-win32-x64\jre\17.0.7-win32-x86_64\bin\java.dll
0x00007ffb022c0000 - 0x00007ffb022d8000 	c:\Users\Vision\.vscode\extensions\redhat.java-1.19.0-win32-x64\jre\17.0.7-win32-x86_64\bin\zip.dll
0x00007ffb228d0000 - 0x00007ffb230ca000 	C:\WINDOWS\System32\SHELL32.dll
0x00007ffb1e530000 - 0x00007ffb1edfe000 	C:\WINDOWS\SYSTEM32\windows.storage.dll
0x00007ffb1e3f0000 - 0x00007ffb1e52e000 	C:\WINDOWS\SYSTEM32\wintypes.dll
0x00007ffb230d0000 - 0x00007ffb231c1000 	C:\WINDOWS\System32\SHCORE.dll
0x00007ffb211e0000 - 0x00007ffb2123e000 	C:\WINDOWS\System32\shlwapi.dll
0x00007ffb20580000 - 0x00007ffb205a1000 	C:\WINDOWS\SYSTEM32\profapi.dll
0x00007ffb01cd0000 - 0x00007ffb01ce9000 	C:\Users\Vision\.vscode\extensions\redhat.java-1.19.0-win32-x64\jre\17.0.7-win32-x86_64\bin\net.dll
0x00007ffb18db0000 - 0x00007ffb18ee7000 	C:\WINDOWS\SYSTEM32\WINHTTP.dll
0x00007ffb1fb10000 - 0x00007ffb1fb79000 	C:\WINDOWS\system32\mswsock.dll
0x00007ffb01c50000 - 0x00007ffb01c65000 	C:\Users\Vision\.vscode\extensions\redhat.java-1.19.0-win32-x64\jre\17.0.7-win32-x86_64\bin\nio.dll
0x00007ffb064b0000 - 0x00007ffb064c0000 	c:\Users\Vision\.vscode\extensions\redhat.java-1.19.0-win32-x64\jre\17.0.7-win32-x86_64\bin\verify.dll

dbghelp: loaded successfully - version: 4.0.5 - missing functions: none
symbol engine: initialized successfully - sym options: 0x614 - pdb path: .;c:\Users\Vision\.vscode\extensions\redhat.java-1.19.0-win32-x64\jre\17.0.7-win32-x86_64\bin;C:\WINDOWS\SYSTEM32;C:\WINDOWS\WinSxS\amd64_microsoft.windows.common-controls_6595b64144ccf1df_6.0.22621.1635_none_270f70857386168e;c:\Users\Vision\.vscode\extensions\redhat.java-1.19.0-win32-x64\jre\17.0.7-win32-x86_64\bin\server

VM Arguments:
jvm_args: --add-modules=ALL-SYSTEM --add-opens=java.base/java.util=ALL-UNNAMED --add-opens=java.base/java.lang=ALL-UNNAMED --add-opens=java.base/sun.nio.fs=ALL-UNNAMED -Declipse.application=org.eclipse.jdt.ls.core.id1 -Dosgi.bundles.defaultStartLevel=4 -Declipse.product=org.eclipse.jdt.ls.core.product -Djava.import.generatesMetadataFilesAtProjectRoot=false -Dfile.encoding=utf8 -XX:+UseParallelGC -XX:GCTimeRatio=4 -XX:AdaptiveSizePolicyWeight=90 -Dsun.zip.disableMemoryMapping=true -Xmx1G -Xms100m -Xlog:disable -javaagent:c:\Users\Vision\.vscode\extensions\redhat.java-1.19.0-win32-x64\lombok\lombok-1.18.28.jar -XX:+HeapDumpOnOutOfMemoryError -XX:HeapDumpPath=c:\Users\Vision\AppData\Roaming\Code\User\workspaceStorage\1d804c9b709fbb007fbd3f607e764722\redhat.java -Daether.dependencyCollector.impl=bf 
java_command: c:\Users\Vision\.vscode\extensions\redhat.java-1.19.0-win32-x64\server\plugins\org.eclipse.equinox.launcher_1.6.400.v20210924-0641.jar -configuration c:\Users\Vision\AppData\Roaming\Code\User\globalStorage\redhat.java\1.19.0\config_win -data c:\Users\Vision\AppData\Roaming\Code\User\workspaceStorage\1d804c9b709fbb007fbd3f607e764722\redhat.java\jdt_ws
java_class_path (initial): c:\Users\Vision\.vscode\extensions\redhat.java-1.19.0-win32-x64\server\plugins\org.eclipse.equinox.launcher_1.6.400.v20210924-0641.jar
Launcher Type: SUN_STANDARD

[Global flags]
    uintx AdaptiveSizePolicyWeight                 = 90                                        {product} {command line}
     intx CICompilerCount                          = 4                                         {product} {ergonomic}
    uintx GCTimeRatio                              = 4                                         {product} {command line}
     bool HeapDumpOnOutOfMemoryError               = true                                   {manageable} {command line}
    ccstr HeapDumpPath                             = c:\Users\Vision\AppData\Roaming\Code\User\workspaceStorage\1d804c9b709fbb007fbd3f607e764722\redhat.java         {manageable} {command line}
   size_t InitialHeapSize                          = 104857600                                 {product} {command line}
   size_t MaxHeapSize                              = 1073741824                                {product} {command line}
   size_t MaxNewSize                               = 357564416                                 {product} {ergonomic}
   size_t MinHeapDeltaBytes                        = 524288                                    {product} {ergonomic}
   size_t MinHeapSize                              = 104857600                                 {product} {command line}
   size_t NewSize                                  = 34603008                                  {product} {ergonomic}
    uintx NonNMethodCodeHeapSize                   = 5839372                                {pd product} {ergonomic}
    uintx NonProfiledCodeHeapSize                  = 122909434                              {pd product} {ergonomic}
   size_t OldSize                                  = 70254592                                  {product} {ergonomic}
    uintx ProfiledCodeHeapSize                     = 122909434                              {pd product} {ergonomic}
    uintx ReservedCodeCacheSize                    = 251658240                              {pd product} {ergonomic}
     bool SegmentedCodeCache                       = true                                      {product} {ergonomic}
   size_t SoftMaxHeapSize                          = 1073741824                             {manageable} {ergonomic}
     bool UseCompressedClassPointers               = true                           {product lp64_product} {ergonomic}
     bool UseCompressedOops                        = true                           {product lp64_product} {ergonomic}
     bool UseLargePagesIndividualAllocation        = false                                  {pd product} {ergonomic}
     bool UseParallelGC                            = true                                      {product} {command line}

Logging:
Log output configuration:
 #0: stdout all=off uptime,level,tags
 #1: stderr all=off uptime,level,tags

Environment Variables:
JAVA_HOME=C:\Users\Vision\AppData\Local\Programs\Eclipse Adoptium\jdk-17.0.6.10-hotspot\
PATH=C:\WINDOWS\system32;C:\WINDOWS;C:\WINDOWS\System32\Wbem;C:\WINDOWS\System32\WindowsPowerShell\v1.0\;C:\WINDOWS\System32\OpenSSH\;C:\Program Files\Git\cmd;C:\Program Files\nodejs\;C:\Users\Vision\AppData\Local\Programs\Eclipse Adoptium\jdk-17.0.6.10-hotspot\bin;C:\Users\Vision\AppData\Local\Programs\Python\Python311\Scripts\;C:\Users\Vision\AppData\Local\Programs\Python\Python311\;C:\Users\Vision\AppData\Local\Microsoft\WindowsApps;C:\Program Files\CodeBlocks\MinGW\bin;C:\MinGW\bin;C:\Users\Vision\AppData\Local\Programs\Microsoft VS Code\bin;C:\Users\Vision\AppData\Roaming\npm
USERNAME=Vision
OS=Windows_NT
PROCESSOR_IDENTIFIER=Intel64 Family 6 Model 126 Stepping 5, GenuineIntel
TMP=C:\Users\Vision\AppData\Local\Temp
TEMP=C:\Users\Vision\AppData\Local\Temp



---------------  S Y S T E M  ---------------

OS:
 Windows 11 , 64 bit Build 22621 (10.0.22621.1778)
OS uptime: 1 days 0:24 hours

CPU: total 8 (initial active 8) (4 cores per cpu, 2 threads per core) family 6 model 126 stepping 5 microcode 0xa0, cx8, cmov, fxsr, ht, mmx, 3dnowpref, sse, sse2, sse3, ssse3, sse4.1, sse4.2, popcnt, lzcnt, tsc, tscinvbit, avx, avx2, aes, erms, clmul, bmi1, bmi2, adx, avx512f, avx512dq, avx512cd, avx512bw, avx512vl, sha, fma, vzeroupper, avx512_vpopcntdq, avx512_vpclmulqdq, avx512_vaes, avx512_vnni, clflush, clflushopt, avx512_vbmi2, avx512_vbmi

Memory: 4k page, system-wide physical 7880M (1124M free)
TotalPageFile size 9160M (AvailPageFile size 5M)
current process WorkingSet (physical memory assigned to process): 59M, peak: 59M
current process commit charge ("private bytes"): 198M, peak: 198M

vm_info: OpenJDK 64-Bit Server VM (17.0.7+7) for windows-amd64 JRE (17.0.7+7), built on Apr 18 2023 22:10:42 by "temurin" with MS VC++ 16.7 (VS2019)

END.
