#
# There is insufficient memory for the Java Runtime Environment to continue.
# Native memory allocation (malloc) failed to allocate 1102304 bytes for Chunk::new
# Possible reasons:
#   The system is out of physical RAM or swap space
#   The process is running with CompressedOops enabled, and the Java Heap may be blocking the growth of the native heap
# Possible solutions:
#   Reduce memory load on the system
#   Increase physical memory or swap space
#   Check if swap backing store is full
#   Decrease Java heap size (-Xmx/-Xms)
#   Decrease number of Java threads
#   Decrease Java thread stack sizes (-Xss)
#   Set larger code cache with -XX:ReservedCodeCacheSize=
#   JVM is running with Unscaled Compressed Oops mode in which the Java heap is
#     placed in the first 4GB address space. The Java Heap base address is the
#     maximum limit for the native heap growth. Please use -XX:HeapBaseMinAddress
#     to set the Java Heap base and to place the Java Heap above 4GB virtual address.
# This output file may be truncated or incomplete.
#
#  Out of Memory Error (arena.cpp:189), pid=5616, tid=7764
#
# JRE version: OpenJDK Runtime Environment Temurin-17.0.7+7 (17.0.7+7) (build 17.0.7+7)
# Java VM: OpenJDK 64-Bit Server VM Temurin-17.0.7+7 (17.0.7+7, mixed mode, tiered, compressed oops, compressed class ptrs, parallel gc, windows-amd64)
# No core dump will be written. Minidumps are not enabled by default on client versions of Windows
#

---------------  S U M M A R Y ------------

Command Line: --add-modules=ALL-SYSTEM --add-opens=java.base/java.util=ALL-UNNAMED --add-opens=java.base/java.lang=ALL-UNNAMED --add-opens=java.base/sun.nio.fs=ALL-UNNAMED -Declipse.application=org.eclipse.jdt.ls.core.id1 -Dosgi.bundles.defaultStartLevel=4 -Declipse.product=org.eclipse.jdt.ls.core.product -Djava.import.generatesMetadataFilesAtProjectRoot=false -Dfile.encoding=utf8 -XX:+UseParallelGC -XX:GCTimeRatio=4 -XX:AdaptiveSizePolicyWeight=90 -Dsun.zip.disableMemoryMapping=true -Xmx1G -Xms100m -Xlog:disable -javaagent:c:\Users\Vision\.vscode\extensions\redhat.java-1.19.0-win32-x64\lombok\lombok-1.18.28.jar c:\Users\Vision\.vscode\extensions\redhat.java-1.19.0-win32-x64\server\plugins\org.eclipse.equinox.launcher_1.6.400.v20210924-0641.jar -configuration c:\Users\Vision\AppData\Roaming\Code\User\globalStorage\redhat.java\1.19.0\config_ss_win -data c:\Users\Vision\AppData\Roaming\Code\User\workspaceStorage\1d804c9b709fbb007fbd3f607e764722\redhat.java\ss_ws

Host: Intel(R) Core(TM) i5-1035G1 CPU @ 1.00GHz, 8 cores, 7G,  Windows 11 , 64 bit Build 22621 (10.0.22621.1778)
Time: Sat Jun 17 23:25:46 2023 India Standard Time elapsed time: 8.744119 seconds (0d 0h 0m 8s)

---------------  T H R E A D  ---------------

Current thread (0x000001c22a183010):  JavaThread "C2 CompilerThread1" daemon [_thread_in_native, id=7764, stack(0x0000001bb2900000,0x0000001bb2a00000)]


Current CompileTask:
C2:   8744 3286       4       jdk.internal.org.objectweb.asm.Frame::execute (2318 bytes)

Stack: [0x0000001bb2900000,0x0000001bb2a00000]
Native frames: (J=compiled Java code, j=interpreted, Vv=VM code, C=native code)
V  [jvm.dll+0x67754a]
V  [jvm.dll+0x834304]
V  [jvm.dll+0x835aae]
V  [jvm.dll+0x836113]
V  [jvm.dll+0x24696f]
V  [jvm.dll+0xac0ac]
V  [jvm.dll+0xac67c]
V  [jvm.dll+0x364e37]
V  [jvm.dll+0x1bcde8]
V  [jvm.dll+0x219799]
V  [jvm.dll+0x218a61]
V  [jvm.dll+0x1a4d8d]
V  [jvm.dll+0x2284da]
V  [jvm.dll+0x226615]
V  [jvm.dll+0x7ea90b]
V  [jvm.dll+0x7e4e7a]
V  [jvm.dll+0x676395]
C  [ucrtbase.dll+0x29363]
C  [KERNEL32.DLL+0x126ad]
C  [ntdll.dll+0x5a9f8]


---------------  P R O C E S S  ---------------

Threads class SMR info:
_java_thread_list=0x000001c2281f41d0, length=35, elements={
0x000001c20d4acdb0, 0x000001c20d56b1c0, 0x000001c20d56c420, 0x000001c22132bf50,
0x000001c22132c910, 0x000001c22132e400, 0x000001c2265a93c0, 0x000001c2265af9b0,
0x000001c2265b27c0, 0x000001c2265c4180, 0x000001c2265a6870, 0x000001c2265aa230,
0x000001c2265a9d60, 0x000001c2265a6d40, 0x000001c2265a8550, 0x000001c2265a9890,
0x000001c2265a7210, 0x000001c2265a76e0, 0x000001c2265a7bb0, 0x000001c2265a8a20,
0x000001c2265a8ef0, 0x000001c2281ec300, 0x000001c2281e6c60, 0x000001c2281edb10,
0x000001c2281e8940, 0x000001c2281eb490, 0x000001c2281ea150, 0x000001c2281e6790,
0x000001c2281e8e10, 0x000001c22a183010, 0x000001c22a183520, 0x000001c2281ec7d0,
0x000001c2281e7ad0, 0x000001c2281eb960, 0x000001c2281ea620
}

Java Threads: ( => current thread )
  0x000001c20d4acdb0 JavaThread "main" [_thread_blocked, id=17728, stack(0x0000001bb0200000,0x0000001bb0300000)]
  0x000001c20d56b1c0 JavaThread "Reference Handler" daemon [_thread_blocked, id=17484, stack(0x0000001bb0500000,0x0000001bb0600000)]
  0x000001c20d56c420 JavaThread "Finalizer" daemon [_thread_blocked, id=17508, stack(0x0000001bb0600000,0x0000001bb0700000)]
  0x000001c22132bf50 JavaThread "Signal Dispatcher" daemon [_thread_blocked, id=4036, stack(0x0000001bb0700000,0x0000001bb0800000)]
  0x000001c22132c910 JavaThread "Attach Listener" daemon [_thread_blocked, id=21880, stack(0x0000001bb0800000,0x0000001bb0900000)]
  0x000001c22132e400 JavaThread "Service Thread" daemon [_thread_blocked, id=2628, stack(0x0000001bb0900000,0x0000001bb0a00000)]
  0x000001c2265a93c0 JavaThread "Monitor Deflation Thread" daemon [_thread_blocked, id=19396, stack(0x0000001bb0a00000,0x0000001bb0b00000)]
  0x000001c2265af9b0 JavaThread "C2 CompilerThread0" daemon [_thread_in_native, id=14888, stack(0x0000001bb0b00000,0x0000001bb0c00000)]
  0x000001c2265b27c0 JavaThread "C1 CompilerThread0" daemon [_thread_blocked, id=20372, stack(0x0000001bb0c00000,0x0000001bb0d00000)]
  0x000001c2265c4180 JavaThread "Sweeper thread" daemon [_thread_blocked, id=16116, stack(0x0000001bb0d00000,0x0000001bb0e00000)]
  0x000001c2265a6870 JavaThread "Common-Cleaner" daemon [_thread_blocked, id=15516, stack(0x0000001bb0e00000,0x0000001bb0f00000)]
  0x000001c2265aa230 JavaThread "Notification Thread" daemon [_thread_blocked, id=17048, stack(0x0000001bb0f00000,0x0000001bb1000000)]
  0x000001c2265a9d60 JavaThread "Equinox resolver thread - Equinox Container: 263f79e3-639f-459b-b19c-737bd50128d3" daemon [_thread_blocked, id=10660, stack(0x0000001bb1900000,0x0000001bb1a00000)]
  0x000001c2265a6d40 JavaThread "Equinox resolver thread - Equinox Container: 263f79e3-639f-459b-b19c-737bd50128d3" daemon [_thread_blocked, id=13764, stack(0x0000001bb1a00000,0x0000001bb1b00000)]
  0x000001c2265a8550 JavaThread "Equinox resolver thread - Equinox Container: 263f79e3-639f-459b-b19c-737bd50128d3" daemon [_thread_blocked, id=13372, stack(0x0000001bb1b00000,0x0000001bb1c00000)]
  0x000001c2265a9890 JavaThread "Equinox resolver thread - Equinox Container: 263f79e3-639f-459b-b19c-737bd50128d3" daemon [_thread_blocked, id=16364, stack(0x0000001bb1c00000,0x0000001bb1d00000)]
  0x000001c2265a7210 JavaThread "Equinox resolver thread - Equinox Container: 263f79e3-639f-459b-b19c-737bd50128d3" daemon [_thread_blocked, id=21444, stack(0x0000001bb1d00000,0x0000001bb1e00000)]
  0x000001c2265a76e0 JavaThread "Equinox resolver thread - Equinox Container: 263f79e3-639f-459b-b19c-737bd50128d3" daemon [_thread_blocked, id=20608, stack(0x0000001bb1e00000,0x0000001bb1f00000)]
  0x000001c2265a7bb0 JavaThread "Active Thread: Equinox Container: 263f79e3-639f-459b-b19c-737bd50128d3" [_thread_blocked, id=12320, stack(0x0000001bb1f00000,0x0000001bb2000000)]
  0x000001c2265a8a20 JavaThread "Framework Event Dispatcher: Equinox Container: 263f79e3-639f-459b-b19c-737bd50128d3" daemon [_thread_blocked, id=11296, stack(0x0000001bb2000000,0x0000001bb2100000)]
  0x000001c2265a8ef0 JavaThread "Start Level: Equinox Container: 263f79e3-639f-459b-b19c-737bd50128d3" daemon [_thread_blocked, id=17076, stack(0x0000001bb2100000,0x0000001bb2200000)]
  0x000001c2281ec300 JavaThread "Refresh Thread: Equinox Container: 263f79e3-639f-459b-b19c-737bd50128d3" daemon [_thread_blocked, id=15440, stack(0x0000001bb2300000,0x0000001bb2400000)]
  0x000001c2281e6c60 JavaThread "Equinox resolver thread - Equinox Container: 263f79e3-639f-459b-b19c-737bd50128d3" daemon [_thread_blocked, id=20028, stack(0x0000001bb2400000,0x0000001bb2500000)]
  0x000001c2281edb10 JavaThread "Equinox resolver thread - Equinox Container: 263f79e3-639f-459b-b19c-737bd50128d3" daemon [_thread_blocked, id=21436, stack(0x0000001bb2500000,0x0000001bb2600000)]
  0x000001c2281e8940 JavaThread "SCR Component Actor" daemon [_thread_blocked, id=11444, stack(0x0000001bb2600000,0x0000001bb2700000)]
  0x000001c2281eb490 JavaThread "SCR Component Registry" daemon [_thread_blocked, id=14000, stack(0x0000001bb1100000,0x0000001bb1200000)]
  0x000001c2281ea150 JavaThread "Worker-JM" [_thread_blocked, id=14152, stack(0x0000001bb1200000,0x0000001bb1300000)]
  0x000001c2281e6790 JavaThread "Worker-0: Initialize Workspace" [_thread_in_Java, id=11220, stack(0x0000001bb2700000,0x0000001bb2800000)]
  0x000001c2281e8e10 JavaThread "Worker-1" [_thread_blocked, id=19512, stack(0x0000001bb2800000,0x0000001bb2900000)]
=>0x000001c22a183010 JavaThread "C2 CompilerThread1" daemon [_thread_in_native, id=7764, stack(0x0000001bb2900000,0x0000001bb2a00000)]
  0x000001c22a183520 JavaThread "C2 CompilerThread2" daemon [_thread_in_native, id=14640, stack(0x0000001bb2a00000,0x0000001bb2b00000)]
  0x000001c2281ec7d0 JavaThread "JNA Cleaner" daemon [_thread_blocked, id=18004, stack(0x0000001bb2b00000,0x0000001bb2c00000)]
  0x000001c2281e7ad0 JavaThread "pool-2-thread-1" [_thread_blocked, id=4336, stack(0x0000001bb2c00000,0x0000001bb2d00000)]
  0x000001c2281eb960 JavaThread "WorkspaceEventsHandler" [_thread_blocked, id=13728, stack(0x0000001bb2d00000,0x0000001bb2e00000)]
  0x000001c2281ea620 JavaThread "pool-1-thread-1" [_thread_blocked, id=21516, stack(0x0000001bb2e00000,0x0000001bb2f00000)]

Other Threads:
  0x000001c22131fca0 VMThread "VM Thread" [stack: 0x0000001bb0400000,0x0000001bb0500000] [id=6868]
  0x000001c226815f90 WatcherThread [stack: 0x0000001bb1000000,0x0000001bb1100000] [id=20440]
  0x000001c20d4c2a30 GCTaskThread "GC Thread#0" [stack: 0x0000001bb0300000,0x0000001bb0400000] [id=8968]
  0x000001c227c90bb0 GCTaskThread "GC Thread#1" [stack: 0x0000001bb1300000,0x0000001bb1400000] [id=12752]
  0x000001c227f06710 GCTaskThread "GC Thread#2" [stack: 0x0000001bb1400000,0x0000001bb1500000] [id=3916]
  0x000001c227c0d020 GCTaskThread "GC Thread#3" [stack: 0x0000001bb1500000,0x0000001bb1600000] [id=14388]
  0x000001c227c0d2d0 GCTaskThread "GC Thread#4" [stack: 0x0000001bb1600000,0x0000001bb1700000] [id=14912]
  0x000001c227c0d790 GCTaskThread "GC Thread#5" [stack: 0x0000001bb1700000,0x0000001bb1800000] [id=14804]
  0x000001c227ce42d0 GCTaskThread "GC Thread#6" [stack: 0x0000001bb1800000,0x0000001bb1900000] [id=21632]
  0x000001c2277f3620 GCTaskThread "GC Thread#7" [stack: 0x0000001bb2200000,0x0000001bb2300000] [id=19656]

Threads with active compile tasks:
C2 CompilerThread0     8770 3837       4       java.util.stream.StreamSpliterators$AbstractWrappingSpliterator::fillBuffer (64 bytes)
C2 CompilerThread1     8770 3286       4       jdk.internal.org.objectweb.asm.Frame::execute (2318 bytes)
C2 CompilerThread2     8770 3815       4       jdk.internal.jimage.ImageLocation::getFullName (109 bytes)

VM state: not at safepoint (normal execution)

VM Mutex/Monitor currently owned by a thread: None

Heap address: 0x00000000c0000000, size: 1024 MB, Compressed Oops mode: 32-bit

CDS archive(s) not mapped
Compressed class space mapped at: 0x0000000100000000-0x0000000140000000, reserved size: 1073741824
Narrow klass base: 0x0000000000000000, Narrow klass shift: 3, Narrow klass range: 0x140000000

GC Precious Log:
 CPUs: 8 total, 8 available
 Memory: 7880M
 Large Page Support: Disabled
 NUMA Support: Disabled
 Compressed Oops: Enabled (32-bit)
 Alignments: Space 512K, Generation 512K, Heap 2M
 Heap Min Capacity: 100M
 Heap Initial Capacity: 100M
 Heap Max Capacity: 1G
 Pre-touch: Disabled
 Parallel Workers: 8

Heap:
 PSYoungGen      total 26112K, used 4566K [0x00000000eab00000, 0x00000000ec700000, 0x0000000100000000)
  eden space 23552K, 10% used [0x00000000eab00000,0x00000000ead60640,0x00000000ec200000)
  from space 2560K, 91% used [0x00000000ec280000,0x00000000ec4c8020,0x00000000ec500000)
  to   space 2048K, 0% used [0x00000000ec500000,0x00000000ec500000,0x00000000ec700000)
 ParOldGen       total 68608K, used 11190K [0x00000000c0000000, 0x00000000c4300000, 0x00000000eab00000)
  object space 68608K, 16% used [0x00000000c0000000,0x00000000c0aed870,0x00000000c4300000)
 Metaspace       used 36270K, committed 36928K, reserved 1114112K
  class space    used 3660K, committed 3904K, reserved 1048576K

Card table byte_map: [0x000001c20ce70000,0x000001c20d080000] _byte_map_base: 0x000001c20c870000

Marking Bits: (ParMarkBitMap*) 0x00007ffac2e052c0
 Begin Bits: [0x000001c21f130000, 0x000001c220130000)
 End Bits:   [0x000001c220130000, 0x000001c221130000)

Polling page: 0x000001c20b4b0000

Metaspace:

Usage:
  Non-class:     31.85 MB used.
      Class:      3.58 MB used.
       Both:     35.42 MB used.

Virtual space:
  Non-class space:       64.00 MB reserved,      32.25 MB ( 50%) committed,  1 nodes.
      Class space:        1.00 GB reserved,       3.81 MB ( <1%) committed,  1 nodes.
             Both:        1.06 GB reserved,      36.06 MB (  3%) committed. 

Chunk freelists:
   Non-Class:  15.73 MB
       Class:  12.07 MB
        Both:  27.80 MB

MaxMetaspaceSize: unlimited
CompressedClassSpaceSize: 1.00 GB
Initial GC threshold: 21.00 MB
Current GC threshold: 58.38 MB
CDS: off
MetaspaceReclaimPolicy: balanced
 - commit_granule_bytes: 65536.
 - commit_granule_words: 8192.
 - virtual_space_node_default_size: 8388608.
 - enlarge_chunks_in_place: 1.
 - new_chunks_are_fully_committed: 0.
 - uncommit_free_chunks: 1.
 - use_allocation_guard: 0.
 - handle_deallocations: 1.


Internal statistics:

num_allocs_failed_limit: 6.
num_arena_births: 292.
num_arena_deaths: 14.
num_vsnodes_births: 2.
num_vsnodes_deaths: 0.
num_space_committed: 577.
num_space_uncommitted: 0.
num_chunks_returned_to_freelist: 20.
num_chunks_taken_from_freelist: 1379.
num_chunk_merges: 10.
num_chunk_splits: 920.
num_chunks_enlarged: 644.
num_inconsistent_stats: 0.

CodeHeap 'non-profiled nmethods': size=120000Kb used=1617Kb max_used=1617Kb free=118382Kb
 bounds [0x000001c217c00000, 0x000001c217e70000, 0x000001c21f130000]
CodeHeap 'profiled nmethods': size=120000Kb used=7942Kb max_used=7942Kb free=112057Kb
 bounds [0x000001c210130000, 0x000001c210900000, 0x000001c217660000]
CodeHeap 'non-nmethods': size=5760Kb used=1272Kb max_used=1300Kb free=4487Kb
 bounds [0x000001c217660000, 0x000001c2178d0000, 0x000001c217c00000]
 total_blobs=4410 nmethods=3830 adapters=494
 compilation: enabled
              stopped_count=0, restarted_count=0
 full_count=0

Compilation events (20 events):
Event: 7.374 Thread 0x000001c22a183520 nmethod 3466 0x000001c217d6f290 code [0x000001c217d6f400, 0x000001c217d6f4d8]
Event: 7.404 Thread 0x000001c2265af9b0 nmethod 3470 0x000001c217d6f610 code [0x000001c217d6f7e0, 0x000001c217d6fcd0]
Event: 7.404 Thread 0x000001c2265b27c0 3472       3       com.sun.org.apache.xerces.internal.util.ParserConfigurationSettings::setFeature (42 bytes)
Event: 7.405 Thread 0x000001c2265b27c0 nmethod 3472 0x000001c21083c190 code [0x000001c21083c380, 0x000001c21083c848]
Event: 7.405 Thread 0x000001c2265b27c0 3473       3       com.sun.org.apache.xerces.internal.dom.NodeImpl::isIdAttribute (29 bytes)
Event: 7.405 Thread 0x000001c2265b27c0 nmethod 3473 0x000001c21083ca10 code [0x000001c21083cba0, 0x000001c21083cd18]
Event: 7.407 Thread 0x000001c2265b27c0 3474       3       java.util.HashSet::remove (20 bytes)
Event: 7.407 Thread 0x000001c2265b27c0 nmethod 3474 0x000001c21083cd90 code [0x000001c21083cf40, 0x000001c21083d168]
Event: 7.407 Thread 0x000001c2265b27c0 3475       3       com.sun.org.apache.xerces.internal.impl.dtd.XMLDTDProcessor::getFeatureDefault (36 bytes)
Event: 7.408 Thread 0x000001c2265b27c0 nmethod 3475 0x000001c21083d210 code [0x000001c21083d3e0, 0x000001c21083d688]
Event: 7.408 Thread 0x000001c2265b27c0 3476       3       com.sun.org.apache.xerces.internal.impl.dtd.XMLDTDProcessor::getPropertyDefault (36 bytes)
Event: 7.408 Thread 0x000001c2265b27c0 nmethod 3476 0x000001c21083d810 code [0x000001c21083d9e0, 0x000001c21083dc88]
Event: 7.408 Thread 0x000001c2265b27c0 3477       3       com.sun.org.apache.xerces.internal.impl.XMLDocumentScannerImpl::setProperty (90 bytes)
Event: 7.409 Thread 0x000001c2265b27c0 nmethod 3477 0x000001c21083de10 code [0x000001c21083e0e0, 0x000001c21083efd8]
Event: 7.409 Thread 0x000001c2265b27c0 3478       3       com.sun.org.apache.xerces.internal.impl.XMLDocumentFragmentScannerImpl::setProperty (163 bytes)
Event: 7.410 Thread 0x000001c2265b27c0 nmethod 3478 0x000001c21083f490 code [0x000001c21083f820, 0x000001c210840f98]
Event: 7.410 Thread 0x000001c2265b27c0 3479       3       com.sun.org.apache.xerces.internal.impl.dtd.XMLDTDValidator::setProperty (1 bytes)
Event: 7.410 Thread 0x000001c2265b27c0 nmethod 3479 0x000001c210841690 code [0x000001c210841820, 0x000001c210841938]
Event: 7.410 Thread 0x000001c2265b27c0 3480       3       com.sun.org.apache.xerces.internal.impl.XMLEntityManager$RewindableInputStream::read (168 bytes)
Event: 7.410 Thread 0x000001c2265b27c0 nmethod 3480 0x000001c210841a10 code [0x000001c210841c20, 0x000001c210842288]

GC Heap History (16 events):
Event: 1.515 GC heap before
{Heap before GC invocations=1 (full 0):
 PSYoungGen      total 29696K, used 25600K [0x00000000eab00000, 0x00000000ecc00000, 0x0000000100000000)
  eden space 25600K, 100% used [0x00000000eab00000,0x00000000ec400000,0x00000000ec400000)
  from space 4096K, 0% used [0x00000000ec800000,0x00000000ec800000,0x00000000ecc00000)
  to   space 4096K, 0% used [0x00000000ec400000,0x00000000ec400000,0x00000000ec800000)
 ParOldGen       total 68608K, used 0K [0x00000000c0000000, 0x00000000c4300000, 0x00000000eab00000)
  object space 68608K, 0% used [0x00000000c0000000,0x00000000c0000000,0x00000000c4300000)
 Metaspace       used 11214K, committed 11392K, reserved 1114112K
  class space    used 1125K, committed 1216K, reserved 1048576K
}
Event: 1.522 GC heap after
{Heap after GC invocations=1 (full 0):
 PSYoungGen      total 29696K, used 3192K [0x00000000eab00000, 0x00000000ecc00000, 0x0000000100000000)
  eden space 25600K, 0% used [0x00000000eab00000,0x00000000eab00000,0x00000000ec400000)
  from space 4096K, 77% used [0x00000000ec400000,0x00000000ec71e3b8,0x00000000ec800000)
  to   space 4096K, 0% used [0x00000000ec800000,0x00000000ec800000,0x00000000ecc00000)
 ParOldGen       total 68608K, used 16K [0x00000000c0000000, 0x00000000c4300000, 0x00000000eab00000)
  object space 68608K, 0% used [0x00000000c0000000,0x00000000c0004000,0x00000000c4300000)
 Metaspace       used 11214K, committed 11392K, reserved 1114112K
  class space    used 1125K, committed 1216K, reserved 1048576K
}
Event: 2.031 GC heap before
{Heap before GC invocations=2 (full 0):
 PSYoungGen      total 29696K, used 28792K [0x00000000eab00000, 0x00000000ecc00000, 0x0000000100000000)
  eden space 25600K, 100% used [0x00000000eab00000,0x00000000ec400000,0x00000000ec400000)
  from space 4096K, 77% used [0x00000000ec400000,0x00000000ec71e3b8,0x00000000ec800000)
  to   space 4096K, 0% used [0x00000000ec800000,0x00000000ec800000,0x00000000ecc00000)
 ParOldGen       total 68608K, used 16K [0x00000000c0000000, 0x00000000c4300000, 0x00000000eab00000)
  object space 68608K, 0% used [0x00000000c0000000,0x00000000c0004000,0x00000000c4300000)
 Metaspace       used 14067K, committed 14208K, reserved 1114112K
  class space    used 1404K, committed 1472K, reserved 1048576K
}
Event: 2.036 GC heap after
{Heap after GC invocations=2 (full 0):
 PSYoungGen      total 29696K, used 4091K [0x00000000eab00000, 0x00000000ecc00000, 0x0000000100000000)
  eden space 25600K, 0% used [0x00000000eab00000,0x00000000eab00000,0x00000000ec400000)
  from space 4096K, 99% used [0x00000000ec800000,0x00000000ecbfecf8,0x00000000ecc00000)
  to   space 4096K, 0% used [0x00000000ec400000,0x00000000ec400000,0x00000000ec800000)
 ParOldGen       total 68608K, used 852K [0x00000000c0000000, 0x00000000c4300000, 0x00000000eab00000)
  object space 68608K, 1% used [0x00000000c0000000,0x00000000c00d5350,0x00000000c4300000)
 Metaspace       used 14067K, committed 14208K, reserved 1114112K
  class space    used 1404K, committed 1472K, reserved 1048576K
}
Event: 3.767 GC heap before
{Heap before GC invocations=3 (full 0):
 PSYoungGen      total 29696K, used 29691K [0x00000000eab00000, 0x00000000ecc00000, 0x0000000100000000)
  eden space 25600K, 100% used [0x00000000eab00000,0x00000000ec400000,0x00000000ec400000)
  from space 4096K, 99% used [0x00000000ec800000,0x00000000ecbfecf8,0x00000000ecc00000)
  to   space 4096K, 0% used [0x00000000ec400000,0x00000000ec400000,0x00000000ec800000)
 ParOldGen       total 68608K, used 852K [0x00000000c0000000, 0x00000000c4300000, 0x00000000eab00000)
  object space 68608K, 1% used [0x00000000c0000000,0x00000000c00d5350,0x00000000c4300000)
 Metaspace       used 16639K, committed 16832K, reserved 1114112K
  class space    used 1694K, committed 1792K, reserved 1048576K
}
Event: 3.770 GC heap after
{Heap after GC invocations=3 (full 0):
 PSYoungGen      total 29696K, used 4095K [0x00000000eab00000, 0x00000000ecc00000, 0x0000000100000000)
  eden space 25600K, 0% used [0x00000000eab00000,0x00000000eab00000,0x00000000ec400000)
  from space 4096K, 99% used [0x00000000ec400000,0x00000000ec7ffce8,0x00000000ec800000)
  to   space 4096K, 0% used [0x00000000ec800000,0x00000000ec800000,0x00000000ecc00000)
 ParOldGen       total 68608K, used 2784K [0x00000000c0000000, 0x00000000c4300000, 0x00000000eab00000)
  object space 68608K, 4% used [0x00000000c0000000,0x00000000c02b8068,0x00000000c4300000)
 Metaspace       used 16639K, committed 16832K, reserved 1114112K
  class space    used 1694K, committed 1792K, reserved 1048576K
}
Event: 4.849 GC heap before
{Heap before GC invocations=4 (full 0):
 PSYoungGen      total 29696K, used 29305K [0x00000000eab00000, 0x00000000ecc00000, 0x0000000100000000)
  eden space 25600K, 98% used [0x00000000eab00000,0x00000000ec39ea48,0x00000000ec400000)
  from space 4096K, 99% used [0x00000000ec400000,0x00000000ec7ffce8,0x00000000ec800000)
  to   space 4096K, 0% used [0x00000000ec800000,0x00000000ec800000,0x00000000ecc00000)
 ParOldGen       total 68608K, used 2784K [0x00000000c0000000, 0x00000000c4300000, 0x00000000eab00000)
  object space 68608K, 4% used [0x00000000c0000000,0x00000000c02b8068,0x00000000c4300000)
 Metaspace       used 21163K, committed 21504K, reserved 1114112K
  class space    used 2127K, committed 2240K, reserved 1048576K
}
Event: 4.853 GC heap after
{Heap after GC invocations=4 (full 0):
 PSYoungGen      total 29696K, used 4087K [0x00000000eab00000, 0x00000000ecc00000, 0x0000000100000000)
  eden space 25600K, 0% used [0x00000000eab00000,0x00000000eab00000,0x00000000ec400000)
  from space 4096K, 99% used [0x00000000ec800000,0x00000000ecbfdf30,0x00000000ecc00000)
  to   space 4096K, 0% used [0x00000000ec400000,0x00000000ec400000,0x00000000ec800000)
 ParOldGen       total 68608K, used 4849K [0x00000000c0000000, 0x00000000c4300000, 0x00000000eab00000)
  object space 68608K, 7% used [0x00000000c0000000,0x00000000c04bc5d8,0x00000000c4300000)
 Metaspace       used 21163K, committed 21504K, reserved 1114112K
  class space    used 2127K, committed 2240K, reserved 1048576K
}
Event: 4.853 GC heap before
{Heap before GC invocations=5 (full 1):
 PSYoungGen      total 29696K, used 4087K [0x00000000eab00000, 0x00000000ecc00000, 0x0000000100000000)
  eden space 25600K, 0% used [0x00000000eab00000,0x00000000eab00000,0x00000000ec400000)
  from space 4096K, 99% used [0x00000000ec800000,0x00000000ecbfdf30,0x00000000ecc00000)
  to   space 4096K, 0% used [0x00000000ec400000,0x00000000ec400000,0x00000000ec800000)
 ParOldGen       total 68608K, used 4849K [0x00000000c0000000, 0x00000000c4300000, 0x00000000eab00000)
  object space 68608K, 7% used [0x00000000c0000000,0x00000000c04bc5d8,0x00000000c4300000)
 Metaspace       used 21163K, committed 21504K, reserved 1114112K
  class space    used 2127K, committed 2240K, reserved 1048576K
}
Event: 4.881 GC heap after
{Heap after GC invocations=5 (full 1):
 PSYoungGen      total 29696K, used 0K [0x00000000eab00000, 0x00000000ecc00000, 0x0000000100000000)
  eden space 25600K, 0% used [0x00000000eab00000,0x00000000eab00000,0x00000000ec400000)
  from space 4096K, 0% used [0x00000000ec800000,0x00000000ec800000,0x00000000ecc00000)
  to   space 4096K, 0% used [0x00000000ec400000,0x00000000ec400000,0x00000000ec800000)
 ParOldGen       total 68608K, used 8744K [0x00000000c0000000, 0x00000000c4300000, 0x00000000eab00000)
  object space 68608K, 12% used [0x00000000c0000000,0x00000000c088a128,0x00000000c4300000)
 Metaspace       used 21150K, committed 21504K, reserved 1114112K
  class space    used 2123K, committed 2240K, reserved 1048576K
}
Event: 5.327 GC heap before
{Heap before GC invocations=6 (full 1):
 PSYoungGen      total 29696K, used 25600K [0x00000000eab00000, 0x00000000ecc00000, 0x0000000100000000)
  eden space 25600K, 100% used [0x00000000eab00000,0x00000000ec400000,0x00000000ec400000)
  from space 4096K, 0% used [0x00000000ec800000,0x00000000ec800000,0x00000000ecc00000)
  to   space 4096K, 0% used [0x00000000ec400000,0x00000000ec400000,0x00000000ec800000)
 ParOldGen       total 68608K, used 8744K [0x00000000c0000000, 0x00000000c4300000, 0x00000000eab00000)
  object space 68608K, 12% used [0x00000000c0000000,0x00000000c088a128,0x00000000c4300000)
 Metaspace       used 24741K, committed 25216K, reserved 1114112K
  class space    used 2421K, committed 2624K, reserved 1048576K
}
Event: 5.329 GC heap after
{Heap after GC invocations=6 (full 1):
 PSYoungGen      total 25600K, used 448K [0x00000000eab00000, 0x00000000ec980000, 0x0000000100000000)
  eden space 25088K, 0% used [0x00000000eab00000,0x00000000eab00000,0x00000000ec380000)
  from space 512K, 87% used [0x00000000ec400000,0x00000000ec470000,0x00000000ec480000)
  to   space 3072K, 0% used [0x00000000ec680000,0x00000000ec680000,0x00000000ec980000)
 ParOldGen       total 68608K, used 8752K [0x00000000c0000000, 0x00000000c4300000, 0x00000000eab00000)
  object space 68608K, 12% used [0x00000000c0000000,0x00000000c088c128,0x00000000c4300000)
 Metaspace       used 24741K, committed 25216K, reserved 1114112K
  class space    used 2421K, committed 2624K, reserved 1048576K
}
Event: 5.656 GC heap before
{Heap before GC invocations=7 (full 1):
 PSYoungGen      total 25600K, used 25536K [0x00000000eab00000, 0x00000000ec980000, 0x0000000100000000)
  eden space 25088K, 100% used [0x00000000eab00000,0x00000000ec380000,0x00000000ec380000)
  from space 512K, 87% used [0x00000000ec400000,0x00000000ec470000,0x00000000ec480000)
  to   space 3072K, 0% used [0x00000000ec680000,0x00000000ec680000,0x00000000ec980000)
 ParOldGen       total 68608K, used 8752K [0x00000000c0000000, 0x00000000c4300000, 0x00000000eab00000)
  object space 68608K, 12% used [0x00000000c0000000,0x00000000c088c128,0x00000000c4300000)
 Metaspace       used 27628K, committed 28096K, reserved 1114112K
  class space    used 2642K, committed 2816K, reserved 1048576K
}
Event: 5.658 GC heap after
{Heap after GC invocations=7 (full 1):
 PSYoungGen      total 25600K, used 731K [0x00000000eab00000, 0x00000000ec780000, 0x0000000100000000)
  eden space 24576K, 0% used [0x00000000eab00000,0x00000000eab00000,0x00000000ec300000)
  from space 1024K, 71% used [0x00000000ec680000,0x00000000ec736f38,0x00000000ec780000)
  to   space 1024K, 0% used [0x00000000ec580000,0x00000000ec580000,0x00000000ec680000)
 ParOldGen       total 68608K, used 8760K [0x00000000c0000000, 0x00000000c4300000, 0x00000000eab00000)
  object space 68608K, 12% used [0x00000000c0000000,0x00000000c088e128,0x00000000c4300000)
 Metaspace       used 27628K, committed 28096K, reserved 1114112K
  class space    used 2642K, committed 2816K, reserved 1048576K
}
Event: 6.934 GC heap before
{Heap before GC invocations=8 (full 1):
 PSYoungGen      total 25600K, used 25307K [0x00000000eab00000, 0x00000000ec780000, 0x0000000100000000)
  eden space 24576K, 100% used [0x00000000eab00000,0x00000000ec300000,0x00000000ec300000)
  from space 1024K, 71% used [0x00000000ec680000,0x00000000ec736f38,0x00000000ec780000)
  to   space 1024K, 0% used [0x00000000ec580000,0x00000000ec580000,0x00000000ec680000)
 ParOldGen       total 68608K, used 8760K [0x00000000c0000000, 0x00000000c4300000, 0x00000000eab00000)
  object space 68608K, 12% used [0x00000000c0000000,0x00000000c088e128,0x00000000c4300000)
 Metaspace       used 32254K, committed 32832K, reserved 1114112K
  class space    used 3187K, committed 3392K, reserved 1048576K
}
Event: 6.936 GC heap after
{Heap after GC invocations=8 (full 1):
 PSYoungGen      total 25088K, used 992K [0x00000000eab00000, 0x00000000ec700000, 0x0000000100000000)
  eden space 24064K, 0% used [0x00000000eab00000,0x00000000eab00000,0x00000000ec280000)
  from space 1024K, 96% used [0x00000000ec580000,0x00000000ec678020,0x00000000ec680000)
  to   space 512K, 0% used [0x00000000ec680000,0x00000000ec680000,0x00000000ec700000)
 ParOldGen       total 68608K, used 9439K [0x00000000c0000000, 0x00000000c4300000, 0x00000000eab00000)
  object space 68608K, 13% used [0x00000000c0000000,0x00000000c0937fd0,0x00000000c4300000)
 Metaspace       used 32254K, committed 32832K, reserved 1114112K
  class space    used 3187K, committed 3392K, reserved 1048576K
}

Dll operation events (10 events):
Event: 0.047 Loaded shared library c:\Users\Vision\.vscode\extensions\redhat.java-1.19.0-win32-x64\jre\17.0.7-win32-x86_64\bin\java.dll
Event: 0.799 Loaded shared library c:\Users\Vision\.vscode\extensions\redhat.java-1.19.0-win32-x64\jre\17.0.7-win32-x86_64\bin\zip.dll
Event: 0.802 Loaded shared library C:\Users\Vision\.vscode\extensions\redhat.java-1.19.0-win32-x64\jre\17.0.7-win32-x86_64\bin\instrument.dll
Event: 0.831 Loaded shared library C:\Users\Vision\.vscode\extensions\redhat.java-1.19.0-win32-x64\jre\17.0.7-win32-x86_64\bin\net.dll
Event: 0.833 Loaded shared library C:\Users\Vision\.vscode\extensions\redhat.java-1.19.0-win32-x64\jre\17.0.7-win32-x86_64\bin\nio.dll
Event: 0.840 Loaded shared library C:\Users\Vision\.vscode\extensions\redhat.java-1.19.0-win32-x64\jre\17.0.7-win32-x86_64\bin\zip.dll
Event: 0.863 Loaded shared library C:\Users\Vision\.vscode\extensions\redhat.java-1.19.0-win32-x64\jre\17.0.7-win32-x86_64\bin\jimage.dll
Event: 0.905 Loaded shared library c:\Users\Vision\.vscode\extensions\redhat.java-1.19.0-win32-x64\jre\17.0.7-win32-x86_64\bin\verify.dll
Event: 2.124 Loaded shared library C:\Users\Vision\AppData\Roaming\Code\User\globalStorage\redhat.java\1.19.0\config_ss_win\org.eclipse.equinox.launcher\org.eclipse.equinox.launcher.win32.win32.x86_64_1.2.700.v20221108-1024\eclipse_11801.dll
Event: 6.769 Loaded shared library C:\Users\Vision\AppData\Local\Temp\jna--1732360184\jna5552294506864711093.dll

Deoptimization events (20 events):
Event: 6.849 Thread 0x000001c20d4acdb0 DEOPT PACKING pc=0x000001c217d3eef8 sp=0x0000001bb02fe3e0
Event: 6.849 Thread 0x000001c20d4acdb0 DEOPT UNPACKING pc=0x000001c2176b9ea3 sp=0x0000001bb02fe390 mode 2
Event: 7.012 Thread 0x000001c20d4acdb0 Uncommon trap: trap_request=0xffffffcc fr.pc=0x000001c217d58658 relative=0x0000000000000238
Event: 7.012 Thread 0x000001c20d4acdb0 Uncommon trap: reason=intrinsic_or_type_checked_inlining action=make_not_entrant pc=0x000001c217d58658 method=java.util.ArrayList.toArray([Ljava/lang/Object;)[Ljava/lang/Object; @ 36 c2
Event: 7.012 Thread 0x000001c20d4acdb0 DEOPT PACKING pc=0x000001c217d58658 sp=0x0000001bb02fd510
Event: 7.012 Thread 0x000001c20d4acdb0 DEOPT UNPACKING pc=0x000001c2176b9ea3 sp=0x0000001bb02fd4f0 mode 2
Event: 7.021 Thread 0x000001c20d4acdb0 Uncommon trap: trap_request=0xffffff45 fr.pc=0x000001c217d022b4 relative=0x0000000000000114
Event: 7.021 Thread 0x000001c20d4acdb0 Uncommon trap: reason=unstable_if action=reinterpret pc=0x000001c217d022b4 method=jdk.internal.org.objectweb.asm.SymbolTable.put(Ljdk/internal/org/objectweb/asm/SymbolTable$Entry;)Ljdk/internal/org/objectweb/asm/SymbolTable$Entry; @ 13 c2
Event: 7.021 Thread 0x000001c20d4acdb0 DEOPT PACKING pc=0x000001c217d022b4 sp=0x0000001bb02fdc90
Event: 7.021 Thread 0x000001c20d4acdb0 DEOPT UNPACKING pc=0x000001c2176b9ea3 sp=0x0000001bb02fdbf0 mode 2
Event: 7.150 Thread 0x000001c2281ea620 Uncommon trap: trap_request=0xffffff45 fr.pc=0x000001c217c63dcc relative=0x00000000000001ac
Event: 7.150 Thread 0x000001c2281ea620 Uncommon trap: reason=unstable_if action=reinterpret pc=0x000001c217c63dcc method=java.net.URI$Parser.scan(IIJJ)I @ 42 c2
Event: 7.150 Thread 0x000001c2281ea620 DEOPT PACKING pc=0x000001c217c63dcc sp=0x0000001bb2efdb00
Event: 7.150 Thread 0x000001c2281ea620 DEOPT UNPACKING pc=0x000001c2176b9ea3 sp=0x0000001bb2efda80 mode 2
Event: 7.258 Thread 0x000001c2281e6790 DEOPT PACKING pc=0x000001c210727e4e sp=0x0000001bb27fba70
Event: 7.258 Thread 0x000001c2281e6790 DEOPT UNPACKING pc=0x000001c2176ba9e3 sp=0x0000001bb27faf60 mode 0
Event: 7.362 Thread 0x000001c2281e6790 DEOPT PACKING pc=0x000001c210820c9e sp=0x0000001bb27fdbb0
Event: 7.362 Thread 0x000001c2281e6790 DEOPT UNPACKING pc=0x000001c2176ba9e3 sp=0x0000001bb27fd0a8 mode 0
Event: 7.362 Thread 0x000001c2281e6790 DEOPT PACKING pc=0x000001c210820c9e sp=0x0000001bb27fdbb0
Event: 7.362 Thread 0x000001c2281e6790 DEOPT UNPACKING pc=0x000001c2176ba9e3 sp=0x0000001bb27fd0a8 mode 0

Classes unloaded (7 events):
Event: 4.859 Thread 0x000001c22131fca0 Unloading class 0x0000000100226000 'java/lang/invoke/LambdaForm$MH+0x0000000100226000'
Event: 4.859 Thread 0x000001c22131fca0 Unloading class 0x0000000100225c00 'java/lang/invoke/LambdaForm$MH+0x0000000100225c00'
Event: 4.859 Thread 0x000001c22131fca0 Unloading class 0x0000000100225800 'java/lang/invoke/LambdaForm$MH+0x0000000100225800'
Event: 4.859 Thread 0x000001c22131fca0 Unloading class 0x0000000100225400 'java/lang/invoke/LambdaForm$MH+0x0000000100225400'
Event: 4.859 Thread 0x000001c22131fca0 Unloading class 0x0000000100224c00 'java/lang/invoke/LambdaForm$BMH+0x0000000100224c00'
Event: 4.859 Thread 0x000001c22131fca0 Unloading class 0x0000000100224800 'java/lang/invoke/LambdaForm$DMH+0x0000000100224800'
Event: 4.859 Thread 0x000001c22131fca0 Unloading class 0x0000000100222000 'java/lang/invoke/LambdaForm$DMH+0x0000000100222000'

Classes redefined (0 events):
No events

Internal exceptions (20 events):
Event: 5.750 Thread 0x000001c2265a8ef0 Exception <a 'java/lang/NoSuchMethodError'{0x00000000eaef8f18}: 'void java.lang.invoke.DirectMethodHandle$Holder.invokeVirtual(java.lang.Object, java.lang.Object)'> (0x00000000eaef8f18) 
thrown [s\src\hotspot\share\interpreter\linkResolver.cpp, line 759]
Event: 6.380 Thread 0x000001c2265a8ef0 Exception <a 'java/lang/NoSuchMethodError'{0x00000000eb0fd2c0}: 'java.lang.Object java.lang.invoke.DirectMethodHandle$Holder.invokeStaticInit(java.lang.Object, int, int, int, int)'> (0x00000000eb0fd2c0) 
thrown [s\src\hotspot\share\interpreter\linkResolver.cpp, line 759]
Event: 6.534 Thread 0x000001c2265a8ef0 Exception <a 'java/lang/NoSuchMethodError'{0x00000000eb1bae60}: 'java.lang.Object java.lang.invoke.DirectMethodHandle$Holder.invokeStaticInit(java.lang.Object, java.lang.Object, int, int, int, int)'> (0x00000000eb1bae60) 
thrown [s\src\hotspot\share\interpreter\linkResolver.cpp, line 759]
Event: 6.644 Thread 0x000001c2265a8ef0 Exception <a 'java/lang/ClassNotFoundException'{0x00000000eb50f0e8}: com/sun/org/apache/xml/internal/serializer/spi/XMLEntitiesProvider> (0x00000000eb50f0e8) 
thrown [s\src\hotspot\share\classfile\systemDictionary.cpp, line 256]
Event: 6.723 Thread 0x000001c2265a8ef0 Exception <a 'java/io/FileNotFoundException'{0x00000000eb86a3a8}> (0x00000000eb86a3a8) 
thrown [s\src\hotspot\share\prims\jni.cpp, line 516]
Event: 6.791 Thread 0x000001c2265a8ef0 Exception <a 'java/lang/UnsatisfiedLinkError'{0x00000000ebb99558}: The specified procedure could not be found.
> (0x00000000ebb99558) 
thrown [s\src\hotspot\share\prims\jni.cpp, line 535]
Event: 6.795 Thread 0x000001c2265a8ef0 Exception <a 'java/io/FileNotFoundException'{0x00000000ebbbc7d0}> (0x00000000ebbbc7d0) 
thrown [s\src\hotspot\share\prims\jni.cpp, line 516]
Event: 6.801 Thread 0x000001c2265a8ef0 Exception <a 'java/io/FileNotFoundException'{0x00000000ebc30818}> (0x00000000ebc30818) 
thrown [s\src\hotspot\share\prims\jni.cpp, line 516]
Event: 6.808 Thread 0x000001c2265a8ef0 Exception <a 'java/lang/UnsatisfiedLinkError'{0x00000000ebc972a8}: The specified procedure could not be found.
> (0x00000000ebc972a8) 
thrown [s\src\hotspot\share\prims\jni.cpp, line 535]
Event: 6.860 Thread 0x000001c20d4acdb0 Exception <a 'java/lang/NoSuchMethodError'{0x00000000ebe964a8}: 'java.lang.Object java.lang.invoke.DirectMethodHandle$Holder.invokeStatic(java.lang.Object, java.lang.Object, long, java.lang.Object)'> (0x00000000ebe964a8) 
thrown [s\src\hotspot\share\interpreter\linkResolver.cpp, line 759]
Event: 6.861 Thread 0x000001c20d4acdb0 Exception <a 'java/lang/NoSuchMethodError'{0x00000000ebe99f40}: 'java.lang.Object java.lang.invoke.DirectMethodHandle$Holder.invokeStaticInit(java.lang.Object, java.lang.Object, long, java.lang.Object)'> (0x00000000ebe99f40) 
thrown [s\src\hotspot\share\interpreter\linkResolver.cpp, line 759]
Event: 6.861 Thread 0x000001c20d4acdb0 Exception <a 'java/lang/NoSuchMethodError'{0x00000000ebea0550}: 'java.lang.Object java.lang.invoke.DirectMethodHandle$Holder.newInvokeSpecial(java.lang.Object, java.lang.Object, long)'> (0x00000000ebea0550) 
thrown [s\src\hotspot\share\interpreter\linkResolver.cpp, line 759]
Event: 6.862 Thread 0x000001c20d4acdb0 Exception <a 'java/lang/NoSuchMethodError'{0x00000000ebea3f90}: 'java.lang.Object java.lang.invoke.Invokers$Holder.linkToTargetMethod(java.lang.Object, long, java.lang.Object)'> (0x00000000ebea3f90) 
thrown [s\src\hotspot\share\interpreter\linkResolver.cpp, line 759]
Event: 6.885 Thread 0x000001c20d4acdb0 Exception <a 'java/lang/NoSuchMethodError'{0x00000000ec03d400}: 'void java.lang.invoke.DirectMethodHandle$Holder.invokeStatic(java.lang.Object, java.lang.Object, java.lang.Object, java.lang.Object)'> (0x00000000ec03d400) 
thrown [s\src\hotspot\share\interpreter\linkResolver.cpp, line 759]
Event: 7.014 Thread 0x000001c20d4acdb0 Exception <a 'java/lang/NoSuchMethodError'{0x00000000eb06a970}: 'void java.lang.invoke.DirectMethodHandle$Holder.invokeSpecial(java.lang.Object, java.lang.Object, java.lang.Object, java.lang.Object, java.lang.Object, java.lang.Object)'> (0x00000000eb06a970) 
thrown [s\src\hotspot\share\interpreter\linkResolver.cpp, line 759]
Event: 7.015 Thread 0x000001c20d4acdb0 Exception <a 'java/lang/IncompatibleClassChangeError'{0x00000000eb073838}: Found class java.lang.Object, but interface was expected> (0x00000000eb073838) 
thrown [s\src\hotspot\share\interpreter\linkResolver.cpp, line 826]
Event: 7.153 Thread 0x000001c2281ea620 Exception <a 'java/io/FileNotFoundException'{0x00000000eb57e570}> (0x00000000eb57e570) 
thrown [s\src\hotspot\share\prims\jni.cpp, line 516]
Event: 7.321 Thread 0x000001c2281ea620 Exception <a 'java/io/IOException'{0x00000000eba16a58}> (0x00000000eba16a58) 
thrown [s\src\hotspot\share\prims\jni.cpp, line 516]
Event: 7.321 Thread 0x000001c2281ea620 Exception <a 'java/io/IOException'{0x00000000eba16d68}> (0x00000000eba16d68) 
thrown [s\src\hotspot\share\prims\jni.cpp, line 516]
Event: 7.321 Thread 0x000001c2281ea620 Exception <a 'java/io/IOException'{0x00000000eba17078}> (0x00000000eba17078) 
thrown [s\src\hotspot\share\prims\jni.cpp, line 516]

VM Operations (20 events):
Event: 5.656 Executing VM operation: ParallelGCFailedAllocation
Event: 5.658 Executing VM operation: ParallelGCFailedAllocation done
Event: 5.812 Executing VM operation: HandshakeAllThreads
Event: 5.812 Executing VM operation: HandshakeAllThreads done
Event: 6.527 Executing VM operation: HandshakeAllThreads
Event: 6.527 Executing VM operation: HandshakeAllThreads done
Event: 6.680 Executing VM operation: HandshakeAllThreads
Event: 6.680 Executing VM operation: HandshakeAllThreads done
Event: 6.680 Executing VM operation: Cleanup
Event: 6.680 Executing VM operation: Cleanup done
Event: 6.780 Executing VM operation: HandshakeAllThreads
Event: 6.780 Executing VM operation: HandshakeAllThreads done
Event: 6.820 Executing VM operation: HandshakeAllThreads
Event: 6.820 Executing VM operation: HandshakeAllThreads done
Event: 6.934 Executing VM operation: ParallelGCFailedAllocation
Event: 6.936 Executing VM operation: ParallelGCFailedAllocation done
Event: 7.145 Executing VM operation: HandshakeAllThreads
Event: 7.145 Executing VM operation: HandshakeAllThreads done
Event: 8.152 Executing VM operation: Cleanup
Event: 8.152 Executing VM operation: Cleanup done

Events (20 events):
Event: 7.130 loading class java/io/InvalidObjectException
Event: 7.130 loading class java/io/ObjectStreamException
Event: 7.130 loading class java/io/ObjectStreamException done
Event: 7.130 loading class java/io/InvalidObjectException done
Event: 7.228 loading class java/util/concurrent/CompletableFuture$AltResult
Event: 7.228 loading class java/util/concurrent/CompletableFuture$AltResult done
Event: 7.228 loading class java/util/concurrent/CompletableFuture$Completion
Event: 7.229 loading class java/util/concurrent/CompletableFuture$AsynchronousCompletionTask
Event: 7.229 loading class java/util/concurrent/CompletableFuture$AsynchronousCompletionTask done
Event: 7.229 loading class java/util/concurrent/ForkJoinTask
Event: 7.231 loading class java/util/concurrent/ForkJoinTask done
Event: 7.231 loading class java/util/concurrent/CompletableFuture$Completion done
Event: 7.253 loading class javax/xml/parsers/FactoryConfigurationError
Event: 7.254 loading class javax/xml/parsers/FactoryConfigurationError done
Event: 7.365 loading class java/io/UncheckedIOException
Event: 7.366 loading class java/io/UncheckedIOException done
Event: 7.410 loading class sun/net/www/protocol/https/Handler
Event: 7.410 loading class sun/net/www/protocol/http/Handler
Event: 7.410 loading class sun/net/www/protocol/http/Handler done
Event: 7.410 loading class sun/net/www/protocol/https/Handler done


Dynamic libraries:
0x00007ff6d2130000 - 0x00007ff6d213e000 	c:\Users\Vision\.vscode\extensions\redhat.java-1.19.0-win32-x64\jre\17.0.7-win32-x86_64\bin\java.exe
0x00007ffb23250000 - 0x00007ffb23464000 	C:\WINDOWS\SYSTEM32\ntdll.dll
0x00007ffb21800000 - 0x00007ffb218c2000 	C:\WINDOWS\System32\KERNEL32.DLL
0x00007ffb20a20000 - 0x00007ffb20dc3000 	C:\WINDOWS\System32\KERNELBASE.dll
0x00007ffb206f0000 - 0x00007ffb20801000 	C:\WINDOWS\System32\ucrtbase.dll
0x00007ffb15b40000 - 0x00007ffb15b57000 	c:\Users\Vision\.vscode\extensions\redhat.java-1.19.0-win32-x64\jre\17.0.7-win32-x86_64\bin\jli.dll
0x00007ffb22300000 - 0x00007ffb224ab000 	C:\WINDOWS\System32\USER32.dll
0x00007ffb20980000 - 0x00007ffb209a6000 	C:\WINDOWS\System32\win32u.dll
0x00007ffb15b20000 - 0x00007ffb15b39000 	c:\Users\Vision\.vscode\extensions\redhat.java-1.19.0-win32-x64\jre\17.0.7-win32-x86_64\bin\VCRUNTIME140.dll
0x00007ffb219d0000 - 0x00007ffb219f9000 	C:\WINDOWS\System32\GDI32.dll
0x00007ffb20dd0000 - 0x00007ffb20ee9000 	C:\WINDOWS\System32\gdi32full.dll
0x00007ffb048d0000 - 0x00007ffb04b5e000 	C:\WINDOWS\WinSxS\amd64_microsoft.windows.common-controls_6595b64144ccf1df_6.0.22621.1635_none_270f70857386168e\COMCTL32.dll
0x00007ffb20650000 - 0x00007ffb206ea000 	C:\WINDOWS\System32\msvcp_win.dll
0x00007ffb21530000 - 0x00007ffb215d7000 	C:\WINDOWS\System32\msvcrt.dll
0x00007ffb21030000 - 0x00007ffb21061000 	C:\WINDOWS\System32\IMM32.DLL
0x00007ffb19990000 - 0x00007ffb1999c000 	c:\Users\Vision\.vscode\extensions\redhat.java-1.19.0-win32-x64\jre\17.0.7-win32-x86_64\bin\vcruntime140_1.dll
0x00007ffb03b00000 - 0x00007ffb03b91000 	c:\Users\Vision\.vscode\extensions\redhat.java-1.19.0-win32-x64\jre\17.0.7-win32-x86_64\bin\msvcp140.dll
0x00007ffac2280000 - 0x00007ffac2ec8000 	c:\Users\Vision\.vscode\extensions\redhat.java-1.19.0-win32-x64\jre\17.0.7-win32-x86_64\bin\server\jvm.dll
0x00007ffb21660000 - 0x00007ffb2170e000 	C:\WINDOWS\System32\ADVAPI32.dll
0x00007ffb22130000 - 0x00007ffb221d4000 	C:\WINDOWS\System32\sechost.dll
0x00007ffb221e0000 - 0x00007ffb222f7000 	C:\WINDOWS\System32\RPCRT4.dll
0x00007ffb18da0000 - 0x00007ffb18da9000 	C:\WINDOWS\SYSTEM32\WSOCK32.dll
0x00007ffb1ef30000 - 0x00007ffb1ef3a000 	C:\WINDOWS\SYSTEM32\VERSION.dll
0x00007ffb215e0000 - 0x00007ffb21651000 	C:\WINDOWS\System32\WS2_32.dll
0x00007ffb18790000 - 0x00007ffb187c4000 	C:\WINDOWS\SYSTEM32\WINMM.dll
0x00007ffb1f6a0000 - 0x00007ffb1f6b8000 	C:\WINDOWS\SYSTEM32\kernel.appcore.dll
0x00007ffb19880000 - 0x00007ffb1988a000 	c:\Users\Vision\.vscode\extensions\redhat.java-1.19.0-win32-x64\jre\17.0.7-win32-x86_64\bin\jimage.dll
0x00007ffb1dba0000 - 0x00007ffb1ddce000 	C:\WINDOWS\SYSTEM32\DBGHELP.DLL
0x00007ffb22540000 - 0x00007ffb228c9000 	C:\WINDOWS\System32\combase.dll
0x00007ffb21720000 - 0x00007ffb217f7000 	C:\WINDOWS\System32\OLEAUT32.dll
0x00007ffafc760000 - 0x00007ffafc792000 	C:\WINDOWS\SYSTEM32\dbgcore.DLL
0x00007ffb20ef0000 - 0x00007ffb20f6b000 	C:\WINDOWS\System32\bcryptPrimitives.dll
0x00007ffb12b80000 - 0x00007ffb12b8e000 	c:\Users\Vision\.vscode\extensions\redhat.java-1.19.0-win32-x64\jre\17.0.7-win32-x86_64\bin\instrument.dll
0x00007ffb03ad0000 - 0x00007ffb03af5000 	c:\Users\Vision\.vscode\extensions\redhat.java-1.19.0-win32-x64\jre\17.0.7-win32-x86_64\bin\java.dll
0x00007ffb03100000 - 0x00007ffb03118000 	c:\Users\Vision\.vscode\extensions\redhat.java-1.19.0-win32-x64\jre\17.0.7-win32-x86_64\bin\zip.dll
0x00007ffb228d0000 - 0x00007ffb230ca000 	C:\WINDOWS\System32\SHELL32.dll
0x00007ffb1e530000 - 0x00007ffb1edfe000 	C:\WINDOWS\SYSTEM32\windows.storage.dll
0x00007ffb1e3f0000 - 0x00007ffb1e52e000 	C:\WINDOWS\SYSTEM32\wintypes.dll
0x00007ffb230d0000 - 0x00007ffb231c1000 	C:\WINDOWS\System32\SHCORE.dll
0x00007ffb211e0000 - 0x00007ffb2123e000 	C:\WINDOWS\System32\shlwapi.dll
0x00007ffb20580000 - 0x00007ffb205a1000 	C:\WINDOWS\SYSTEM32\profapi.dll
0x00007ffb024b0000 - 0x00007ffb024c9000 	C:\Users\Vision\.vscode\extensions\redhat.java-1.19.0-win32-x64\jre\17.0.7-win32-x86_64\bin\net.dll
0x00007ffb18db0000 - 0x00007ffb18ee7000 	C:\WINDOWS\SYSTEM32\WINHTTP.dll
0x00007ffb1fb10000 - 0x00007ffb1fb79000 	C:\WINDOWS\system32\mswsock.dll
0x00007ffb022c0000 - 0x00007ffb022d5000 	C:\Users\Vision\.vscode\extensions\redhat.java-1.19.0-win32-x64\jre\17.0.7-win32-x86_64\bin\nio.dll
0x00007ffb12450000 - 0x00007ffb12460000 	c:\Users\Vision\.vscode\extensions\redhat.java-1.19.0-win32-x64\jre\17.0.7-win32-x86_64\bin\verify.dll
0x00007ffb01d00000 - 0x00007ffb01d3e000 	C:\Users\Vision\AppData\Roaming\Code\User\globalStorage\redhat.java\1.19.0\config_ss_win\org.eclipse.equinox.launcher\org.eclipse.equinox.launcher.win32.win32.x86_64_1.2.700.v20221108-1024\eclipse_11801.dll
0x00007ffb21ee0000 - 0x00007ffb2207c000 	C:\WINDOWS\System32\ole32.dll
0x00007ffb1fd70000 - 0x00007ffb1fd8b000 	C:\WINDOWS\SYSTEM32\CRYPTSP.dll
0x00007ffb1f610000 - 0x00007ffb1f645000 	C:\WINDOWS\system32\rsaenh.dll
0x00007ffb1fc10000 - 0x00007ffb1fc38000 	C:\WINDOWS\SYSTEM32\USERENV.dll
0x00007ffb1ff30000 - 0x00007ffb1ff58000 	C:\WINDOWS\SYSTEM32\bcrypt.dll
0x00007ffb1fd90000 - 0x00007ffb1fd9c000 	C:\WINDOWS\SYSTEM32\CRYPTBASE.dll
0x00007ffb1f130000 - 0x00007ffb1f15d000 	C:\WINDOWS\SYSTEM32\IPHLPAPI.DLL
0x00007ffb219b0000 - 0x00007ffb219b9000 	C:\WINDOWS\System32\NSI.dll
0x00007ffb18b00000 - 0x00007ffb18b19000 	C:\WINDOWS\SYSTEM32\dhcpcsvc6.DLL
0x00007ffb18ae0000 - 0x00007ffb18aff000 	C:\WINDOWS\SYSTEM32\dhcpcsvc.DLL
0x00007ffb1f160000 - 0x00007ffb1f253000 	C:\WINDOWS\SYSTEM32\DNSAPI.dll
0x00007ffaef5f0000 - 0x00007ffaef635000 	C:\Users\Vision\AppData\Local\Temp\jna--1732360184\jna5552294506864711093.dll
0x00007ffb21a50000 - 0x00007ffb21a58000 	C:\WINDOWS\System32\PSAPI.DLL

dbghelp: loaded successfully - version: 4.0.5 - missing functions: none
symbol engine: initialized successfully - sym options: 0x614 - pdb path: .;c:\Users\Vision\.vscode\extensions\redhat.java-1.19.0-win32-x64\jre\17.0.7-win32-x86_64\bin;C:\WINDOWS\SYSTEM32;C:\WINDOWS\WinSxS\amd64_microsoft.windows.common-controls_6595b64144ccf1df_6.0.22621.1635_none_270f70857386168e;c:\Users\Vision\.vscode\extensions\redhat.java-1.19.0-win32-x64\jre\17.0.7-win32-x86_64\bin\server;C:\Users\Vision\AppData\Roaming\Code\User\globalStorage\redhat.java\1.19.0\config_ss_win\org.eclipse.equinox.launcher\org.eclipse.equinox.launcher.win32.win32.x86_64_1.2.700.v20221108-1024;C:\Users\Vision\AppData\Local\Temp\jna--1732360184

VM Arguments:
jvm_args: --add-modules=ALL-SYSTEM --add-opens=java.base/java.util=ALL-UNNAMED --add-opens=java.base/java.lang=ALL-UNNAMED --add-opens=java.base/sun.nio.fs=ALL-UNNAMED -Declipse.application=org.eclipse.jdt.ls.core.id1 -Dosgi.bundles.defaultStartLevel=4 -Declipse.product=org.eclipse.jdt.ls.core.product -Djava.import.generatesMetadataFilesAtProjectRoot=false -Dfile.encoding=utf8 -XX:+UseParallelGC -XX:GCTimeRatio=4 -XX:AdaptiveSizePolicyWeight=90 -Dsun.zip.disableMemoryMapping=true -Xmx1G -Xms100m -Xlog:disable -javaagent:c:\Users\Vision\.vscode\extensions\redhat.java-1.19.0-win32-x64\lombok\lombok-1.18.28.jar 
java_command: c:\Users\Vision\.vscode\extensions\redhat.java-1.19.0-win32-x64\server\plugins\org.eclipse.equinox.launcher_1.6.400.v20210924-0641.jar -configuration c:\Users\Vision\AppData\Roaming\Code\User\globalStorage\redhat.java\1.19.0\config_ss_win -data c:\Users\Vision\AppData\Roaming\Code\User\workspaceStorage\1d804c9b709fbb007fbd3f607e764722\redhat.java\ss_ws
java_class_path (initial): c:\Users\Vision\.vscode\extensions\redhat.java-1.19.0-win32-x64\server\plugins\org.eclipse.equinox.launcher_1.6.400.v20210924-0641.jar
Launcher Type: SUN_STANDARD

[Global flags]
    uintx AdaptiveSizePolicyWeight                 = 90                                        {product} {command line}
     intx CICompilerCount                          = 4                                         {product} {ergonomic}
    uintx GCTimeRatio                              = 4                                         {product} {command line}
   size_t InitialHeapSize                          = 104857600                                 {product} {command line}
   size_t MaxHeapSize                              = 1073741824                                {product} {command line}
   size_t MaxNewSize                               = 357564416                                 {product} {ergonomic}
   size_t MinHeapDeltaBytes                        = 524288                                    {product} {ergonomic}
   size_t MinHeapSize                              = 104857600                                 {product} {command line}
   size_t NewSize                                  = 34603008                                  {product} {ergonomic}
    uintx NonNMethodCodeHeapSize                   = 5839372                                {pd product} {ergonomic}
    uintx NonProfiledCodeHeapSize                  = 122909434                              {pd product} {ergonomic}
   size_t OldSize                                  = 70254592                                  {product} {ergonomic}
    uintx ProfiledCodeHeapSize                     = 122909434                              {pd product} {ergonomic}
    uintx ReservedCodeCacheSize                    = 251658240                              {pd product} {ergonomic}
     bool SegmentedCodeCache                       = true                                      {product} {ergonomic}
   size_t SoftMaxHeapSize                          = 1073741824                             {manageable} {ergonomic}
     bool UseCompressedClassPointers               = true                           {product lp64_product} {ergonomic}
     bool UseCompressedOops                        = true                           {product lp64_product} {ergonomic}
     bool UseLargePagesIndividualAllocation        = false                                  {pd product} {ergonomic}
     bool UseParallelGC                            = true                                      {product} {command line}

Logging:
Log output configuration:
 #0: stdout all=off uptime,level,tags
 #1: stderr all=off uptime,level,tags

Environment Variables:
JAVA_HOME=C:\Users\Vision\AppData\Local\Programs\Eclipse Adoptium\jdk-17.0.6.10-hotspot\
PATH=C:\WINDOWS\system32;C:\WINDOWS;C:\WINDOWS\System32\Wbem;C:\WINDOWS\System32\WindowsPowerShell\v1.0\;C:\WINDOWS\System32\OpenSSH\;C:\Program Files\Git\cmd;C:\Program Files\nodejs\;C:\Users\Vision\AppData\Local\Programs\Eclipse Adoptium\jdk-17.0.6.10-hotspot\bin;C:\Users\Vision\AppData\Local\Programs\Python\Python311\Scripts\;C:\Users\Vision\AppData\Local\Programs\Python\Python311\;C:\Users\Vision\AppData\Local\Microsoft\WindowsApps;C:\Program Files\CodeBlocks\MinGW\bin;C:\MinGW\bin;C:\Users\Vision\AppData\Local\Programs\Microsoft VS Code\bin;C:\Users\Vision\AppData\Roaming\npm
USERNAME=Vision
OS=Windows_NT
PROCESSOR_IDENTIFIER=Intel64 Family 6 Model 126 Stepping 5, GenuineIntel
TMP=C:\Users\Vision\AppData\Local\Temp
TEMP=C:\Users\Vision\AppData\Local\Temp



---------------  S Y S T E M  ---------------

OS:
 Windows 11 , 64 bit Build 22621 (10.0.22621.1778)
OS uptime: 1 days 0:27 hours

CPU: total 8 (initial active 8) (4 cores per cpu, 2 threads per core) family 6 model 126 stepping 5 microcode 0xa0, cx8, cmov, fxsr, ht, mmx, 3dnowpref, sse, sse2, sse3, ssse3, sse4.1, sse4.2, popcnt, lzcnt, tsc, tscinvbit, avx, avx2, aes, erms, clmul, bmi1, bmi2, adx, avx512f, avx512dq, avx512cd, avx512bw, avx512vl, sha, fma, vzeroupper, avx512_vpopcntdq, avx512_vpclmulqdq, avx512_vaes, avx512_vnni, clflush, clflushopt, avx512_vbmi2, avx512_vbmi

Memory: 4k page, system-wide physical 7880M (1260M free)
TotalPageFile size 9160M (AvailPageFile size 6M)
current process WorkingSet (physical memory assigned to process): 163M, peak: 163M
current process commit charge ("private bytes"): 263M, peak: 264M

vm_info: OpenJDK 64-Bit Server VM (17.0.7+7) for windows-amd64 JRE (17.0.7+7), built on Apr 18 2023 22:10:42 by "temurin" with MS VC++ 16.7 (VS2019)

END.
